execve("./3000memview", ["./3000memview"], 0x7ffc7fa000a0 /* 33 vars */) = 0
brk(NULL)                               = 0x55de3c0b5000
arch_prctl(0x3001 /* ARCH_??? */, 0x7ffd01a02410) = -1 EINVAL (Invalid argument)
mmap(NULL, 8192, PROT_READ|PROT_WRITE, MAP_PRIVATE|MAP_ANONYMOUS, -1, 0) = 0x7f36cc880000
access("/etc/ld.so.preload", R_OK)      = -1 ENOENT (No such file or directory)
openat(AT_FDCWD, "/etc/ld.so.cache", O_RDONLY|O_CLOEXEC) = 3
newfstatat(3, "", {st_mode=S_IFREG|0644, st_size=45099, ...}, AT_EMPTY_PATH) = 0
mmap(NULL, 45099, PROT_READ, MAP_PRIVATE, 3, 0) = 0x7f36cc874000
close(3)                                = 0
openat(AT_FDCWD, "/lib/x86_64-linux-gnu/libc.so.6", O_RDONLY|O_CLOEXEC) = 3
read(3, "\177ELF\2\1\1\3\0\0\0\0\0\0\0\0\3\0>\0\1\0\0\0P\237\2\0\0\0\0\0"..., 832) = 832
pread64(3, "\6\0\0\0\4\0\0\0@\0\0\0\0\0\0\0@\0\0\0\0\0\0\0@\0\0\0\0\0\0\0"..., 784, 64) = 784
pread64(3, "\4\0\0\0 \0\0\0\5\0\0\0GNU\0\2\0\0\300\4\0\0\0\3\0\0\0\0\0\0\0"..., 48, 848) = 48
pread64(3, "\4\0\0\0\24\0\0\0\3\0\0\0GNU\0i8\235HZ\227\223\333\350s\360\352,\223\340."..., 68, 896) = 68
newfstatat(3, "", {st_mode=S_IFREG|0644, st_size=2216304, ...}, AT_EMPTY_PATH) = 0
pread64(3, "\6\0\0\0\4\0\0\0@\0\0\0\0\0\0\0@\0\0\0\0\0\0\0@\0\0\0\0\0\0\0"..., 784, 64) = 784
mmap(NULL, 2260560, PROT_READ, MAP_PRIVATE|MAP_DENYWRITE, 3, 0) = 0x7f36cc64c000
mmap(0x7f36cc674000, 1658880, PROT_READ|PROT_EXEC, MAP_PRIVATE|MAP_FIXED|MAP_DENYWRITE, 3, 0x28000) = 0x7f36cc674000
mmap(0x7f36cc809000, 360448, PROT_READ, MAP_PRIVATE|MAP_FIXED|MAP_DENYWRITE, 3, 0x1bd000) = 0x7f36cc809000
mmap(0x7f36cc861000, 24576, PROT_READ|PROT_WRITE, MAP_PRIVATE|MAP_FIXED|MAP_DENYWRITE, 3, 0x214000) = 0x7f36cc861000
mmap(0x7f36cc867000, 52816, PROT_READ|PROT_WRITE, MAP_PRIVATE|MAP_FIXED|MAP_ANONYMOUS, -1, 0) = 0x7f36cc867000
close(3)                                = 0
mmap(NULL, 12288, PROT_READ|PROT_WRITE, MAP_PRIVATE|MAP_ANONYMOUS, -1, 0) = 0x7f36cc649000
arch_prctl(ARCH_SET_FS, 0x7f36cc649740) = 0
set_tid_address(0x7f36cc649a10)         = 40161
set_robust_list(0x7f36cc649a20, 24)     = 0
rseq(0x7f36cc64a0e0, 0x20, 0, 0x53053053) = 0
mprotect(0x7f36cc861000, 16384, PROT_READ) = 0
mprotect(0x55de3bfec000, 4096, PROT_READ) = 0
mprotect(0x7f36cc8ba000, 8192, PROT_READ) = 0
prlimit64(0, RLIMIT_STACK, NULL, {rlim_cur=8192*1024, rlim_max=RLIM64_INFINITY}) = 0
munmap(0x7f36cc874000, 45099)           = 0
newfstatat(1, "", {st_mode=S_IFCHR|0620, st_rdev=makedev(0x88, 0x4), ...}, AT_EMPTY_PATH) = 0
getrandom("\x17\x20\x95\x5d\x28\x3d\x9e\xa1", 8, GRND_NONBLOCK) = 8
brk(NULL)                               = 0x55de3c0b5000
brk(0x55de3c0d6000)                     = 0x55de3c0d6000
write(1, "Memory report\n", 14)         = 14
write(1, "argv:      7ffd01a025d8\n", 24) = 24
write(1, "argv[0]:   7ffd01a033a9\n", 24) = 24
write(1, "envp:      7ffd01a025e8\n", 24) = 24
write(1, "envp[0]:   7ffd01a033b7\n", 24) = 24
write(1, "lmsg:      55de3bfeb004\n", 24) = 24
write(1, "&lmsg:     7ffd01a02490\n", 24) = 24
write(1, "gmsg:      55de3bfeb0e0\n", 24) = 24
write(1, "&gmsg:     55de3bfed010\n", 24) = 24
write(1, "main:      55de3bfea0e0\n", 24) = 24
write(1, "sbrk(0):   55de3c0d6000\n", 24) = 24
write(1, "&buf:      7ffd01a02170\n", 24) = 24
brk(0x55de3c0f7000)                     = 0x55de3c0f7000
brk(0x55de3c118000)                     = 0x55de3c118000
brk(0x55de3c139000)                     = 0x55de3c139000
write(1, "buf[0]:    55de3c0b56b0\n", 24) = 24
write(1, "sbrk(0):   55de3c139000\n", 24) = 24
exit_group(0)                           = ?
+++ exited with 0 +++
