__libc_start_main@libc.so.6(0x560d815b3060, 1, 0x7ffed2350bc8, 0 <unfinished ...>
__cxa_atexit@libc.so.6(0x7f4d13296040, 0, 0, 0) = 0
_init(1, 0x7ffed2350bc8, 0x7ffed2350bd8, 0x560d815b3000) = 0
frame_dummy(1, 0x7ffed2350bc8, 0x7ffed2350bd8, 0x560d815b5db8 <unfinished ...>
register_tm_clones(1, 0x7ffed2350bc8, 0x7ffed2350bd8, 0x560d815b5db8) = 0
<... frame_dummy resumed> )          = 0
_dl_audit_preinit@ld-linux-x86-64.so.2(0x7f4d132cb2e0, 0, 0x7ffed2350bd8, 0x560d815b5dc0) = 0
_setjmp@libc.so.6(0x7ffed2350ae0, 1, 0x7ffed2350bc8, 0x560d815b5dc0 <unfinished ...>
__sigsetjmp@libc.so.6(0x7ffed2350ae0, 0, 0x7ffed2350bc8, 0x560d815b5dc0) = 0
<... _setjmp resumed> )              = 0
main(1, 0x7ffed2350bc8, 0x7ffed2350bd8, 0x560d815b5dc0 <unfinished ...>
puts@libc.so.6("Hello world!" <unfinished ...>
_IO_file_xsputn@libc.so.6(0x7f4d13274780, 0x560d815b4004, 12, 3072 <unfinished ...>
_IO_file_overflow@libc.so.6(0x7f4d13274780, 0xffffffff, 3072, 3072 <unfinished ...>
_IO_doallocbuf@libc.so.6(0x7f4d13274780, 0, 3072, 3072 <unfinished ...>
_IO_file_doallocate@libc.so.6(0x7f4d13274780, 0, 0x7f4d1326fa00, 3072 <unfinished ...>
_IO_file_stat@libc.so.6(0x7f4d13274780, 0x7ffed2350920, 0x7f4d1326fa00, 3072 <unfinished ...>
fstat@libc.so.6(1, 0x7ffed2350920, 0x7f4d1326fa00, 3072 <unfinished ...>
fstatat@libc.so.6(1, 0x7f4d1323246f, 0x7ffed2350920, 4096) = 0
<... fstat resumed> )                = 0
<... _IO_file_stat resumed> )        = 0
malloc@libc.so.6(1024 <unfinished ...>
getrandom@libc.so.6(0x7f4d1327a4d8, 8, 1, 0x7f4d1316deee) = 8
__tunable_get_val@ld-linux-x86-64.so.2(14, 0x7ffed23508b0, 0x7f4d130faf70, 0x7f4d13273ce0) = 1568
__tunable_get_val@ld-linux-x86-64.so.2(3, 0x7ffed23508b0, 0x7f4d130fafd0, 0x7f4d132c8b00) = 336
__tunable_get_val@ld-linux-x86-64.so.2(27, 0x7ffed23508b0, 0x7f4d130faf90, 0x7f4d132c8b00) = 3024
__tunable_get_val@ld-linux-x86-64.so.2(2, 0x7ffed23508b0, 0x7f4d130faf50, 0x7f4d132c8b00) = 224
__tunable_get_val@ld-linux-x86-64.so.2(20, 0x7ffed23508b0, 0x7f4d130fafb0, 0x7f4d132c8b00) = 2240
__tunable_get_val@ld-linux-x86-64.so.2(26, 0x7ffed23508b0, 0x7f4d130facd0, 0x7f4d132c8b00) = 2912
__tunable_get_val@ld-linux-x86-64.so.2(30, 0x7ffed23508b0, 0x7f4d130face0, 0x7f4d132c8b00) = 3360
__tunable_get_val@ld-linux-x86-64.so.2(33, 0x7ffed23508b0, 0x7f4d130facf0, 0x7f4d132c8b00) = 3696
__tunable_get_val@ld-linux-x86-64.so.2(29, 0x7ffed23508b0, 0x7f4d130fad30, 0x7f4d132c8b00) = 3248
__tunable_get_val@ld-linux-x86-64.so.2(22, 0x7ffed23508b0, 0x7f4d130fad50, 0x7f4d132c8b00) = 2464
__tunable_get_val@ld-linux-x86-64.so.2(11, 0x7ffed23508b0, 0x7f4d130faec0, 0x7f4d132c8b00) = 1232
__tunable_get_val@ld-linux-x86-64.so.2(9, 0x7ffed23508b0, 0x7f4d130fb080, 0x7f4d132c8b00) = 1008
__default_morecore@libc.so.6(0x21000, 0x7f4d13273c80, 0, 688 <unfinished ...>
sbrk@libc.so.6(135168 <unfinished ...>
brk@libc.so.6(0, 0x7f4d13273c80, 0, 688) = 0
brk@libc.so.6(0x560d835d4000, 0x7f4d13273c80, 0x7f4d1327b218, 0x7f4d131749db) = 0
<... sbrk resumed> )                 = 0x560d835b3000
<... __default_morecore resumed> )   = 0x560d835b3000
__default_morecore@libc.so.6(0, 0xffffa9f27ca2c000, 0x560d835d4000, 0 <unfinished ...>
sbrk@libc.so.6(0)                    = 0x560d835d4000
<... __default_morecore resumed> )   = 0x560d835d4000
<... malloc resumed> )               = 0x560d835b32a0
_IO_setb@libc.so.6(0x7f4d13274780, 0x560d835b32a0, 0x560d835b36a0, 1) = 0xfbad2284
<... _IO_file_doallocate resumed> )  = 1
<... _IO_doallocbuf resumed> )       = 1
_IO_do_write@libc.so.6(0x7f4d13274780, 0x560d835b32a0, 0, 0xffffffff) = 0
<... _IO_file_overflow resumed> )    = 0
_IO_default_xsputn@libc.so.6(0x7f4d13274780, 0x560d815b4004, 12, 1024 <unfinished ...>
_IO_file_overflow@libc.so.6(0x7f4d13274780, 72, 3072, 0x560d815b4004) = 72
_IO_file_overflow@libc.so.6(0x7f4d13274780, 101, 3072, 0x560d815b4005) = 101
_IO_file_overflow@libc.so.6(0x7f4d13274780, 108, 3072, 0x560d815b4006) = 108
_IO_file_overflow@libc.so.6(0x7f4d13274780, 108, 3072, 0x560d815b4007) = 108
_IO_file_overflow@libc.so.6(0x7f4d13274780, 111, 3072, 0x560d815b4008) = 111
_IO_file_overflow@libc.so.6(0x7f4d13274780, 32, 3072, 0x560d815b4009) = 32
_IO_file_overflow@libc.so.6(0x7f4d13274780, 119, 3072, 0x560d815b400a) = 119
_IO_file_overflow@libc.so.6(0x7f4d13274780, 111, 3072, 0x560d815b400b) = 111
_IO_file_overflow@libc.so.6(0x7f4d13274780, 114, 3072, 0x560d815b400c) = 114
_IO_file_overflow@libc.so.6(0x7f4d13274780, 108, 3072, 0x560d815b400d) = 108
_IO_file_overflow@libc.so.6(0x7f4d13274780, 100, 3072, 0x560d815b400e) = 100
_IO_file_overflow@libc.so.6(0x7f4d13274780, 33, 3072, 0x560d815b400f) = 33
<... _IO_default_xsputn resumed> )   = 12
<... _IO_file_xsputn resumed> )      = 12
__overflow@libc.so.6(0x7f4d13274780, 10, 0x560d835b32ab, 0x560d815b4010 <unfinished ...>
_IO_file_overflow@libc.so.6(0x7f4d13274780, 10, 0x7f4d1326fa00, 3072 <unfinished ...>
_IO_do_write@libc.so.6(0x7f4d13274780, 0x560d835b32a0, 13, 3072 <unfinished ...>
_IO_file_write@libc.so.6(0x7f4d13274780, 0x560d835b32a0, 13, 3072 <unfinished ...>
write@libc.so.6(1, "Hello world!\n", 13) = 13
<... _IO_file_write resumed> )       = 13
<... _IO_do_write resumed> )         = 0
<... _IO_file_overflow resumed> )    = 10
<... __overflow resumed> )           = 10
<... puts resumed> )                 = 13
<... main resumed> )                 = 0
exit@libc.so.6(0 <unfinished ...>
__call_tls_dtors@libc.so.6(0, 0x7f4d13273838, 1, 1) = 0
pthread_mutex_lock@libc.so.6(0x7f4d132caa48, 0, 1, 4) = 0
pthread_mutex_unlock@libc.so.6(0x7f4d132caa48, 0x7ffed23508f0, 32, 3) = 0
__do_global_dtors_aux(0x7f4d132caa48, 0x560d815b5dc0, 1, 1 <unfinished ...>
__cxa_finalize@libc.so.6(0x560d815b6008, 0x560d815b5dc0, 1, 1) = 1
deregister_tm_clones(0x560d815b6008, 0, 1, 0) = 0x560d815b6010
<... __do_global_dtors_aux resumed> ) = 0x560d815b6010
_fini(0x560d815b6010, 0, 0x560d815b5dc0, 0) = 0x560d815b316c
_IO_file_setbuf@libc.so.6(0x7f4d13274780, 0, 0, 0x7f4d13057740 <unfinished ...>
_IO_file_sync@libc.so.6(0x7f4d13274780, 0, 0x7f4d1326fa00, 3072) = 0
<... _IO_file_setbuf resumed> )      = 0x7f4d13274780
_Exit@libc.so.6(0, 0, 0, 3072 <no return ...>
+++ exited (status 0) +++
