234405 execve("./3000pc-fifo", ["./3000pc-fifo", "2", "1", "1"], 0x7fffae6d10c0 /* 34 vars */) = 0
234405 brk(NULL)                        = 0x55f7520c9000
234405 arch_prctl(0x3001 /* ARCH_??? */, 0x7ffd3cabe370) = -1 EINVAL (Invalid argument)
234405 mmap(NULL, 8192, PROT_READ|PROT_WRITE, MAP_PRIVATE|MAP_ANONYMOUS, -1, 0) = 0x7f021702b000
234405 access("/etc/ld.so.preload", R_OK) = -1 ENOENT (No such file or directory)
234405 openat(AT_FDCWD, "/etc/ld.so.cache", O_RDONLY|O_CLOEXEC) = 3
234405 newfstatat(3, "", {st_mode=S_IFREG|0644, st_size=45351, ...}, AT_EMPTY_PATH) = 0
234405 mmap(NULL, 45351, PROT_READ, MAP_PRIVATE, 3, 0) = 0x7f021701f000
234405 close(3)                         = 0
234405 openat(AT_FDCWD, "/lib/x86_64-linux-gnu/libc.so.6", O_RDONLY|O_CLOEXEC) = 3
234405 read(3, "\177ELF\2\1\1\3\0\0\0\0\0\0\0\0\3\0>\0\1\0\0\0P\237\2\0\0\0\0\0"..., 832) = 832
234405 pread64(3, "\6\0\0\0\4\0\0\0@\0\0\0\0\0\0\0@\0\0\0\0\0\0\0@\0\0\0\0\0\0\0"..., 784, 64) = 784
234405 pread64(3, "\4\0\0\0 \0\0\0\5\0\0\0GNU\0\2\0\0\300\4\0\0\0\3\0\0\0\0\0\0\0"..., 48, 848) = 48
234405 pread64(3, "\4\0\0\0\24\0\0\0\3\0\0\0GNU\0i8\235HZ\227\223\333\350s\360\352,\223\340."..., 68, 896) = 68
234405 newfstatat(3, "", {st_mode=S_IFREG|0644, st_size=2216304, ...}, AT_EMPTY_PATH) = 0
234405 pread64(3, "\6\0\0\0\4\0\0\0@\0\0\0\0\0\0\0@\0\0\0\0\0\0\0@\0\0\0\0\0\0\0"..., 784, 64) = 784
234405 mmap(NULL, 2260560, PROT_READ, MAP_PRIVATE|MAP_DENYWRITE, 3, 0) = 0x7f0216df7000
234405 mmap(0x7f0216e1f000, 1658880, PROT_READ|PROT_EXEC, MAP_PRIVATE|MAP_FIXED|MAP_DENYWRITE, 3, 0x28000) = 0x7f0216e1f000
234405 mmap(0x7f0216fb4000, 360448, PROT_READ, MAP_PRIVATE|MAP_FIXED|MAP_DENYWRITE, 3, 0x1bd000) = 0x7f0216fb4000
234405 mmap(0x7f021700c000, 24576, PROT_READ|PROT_WRITE, MAP_PRIVATE|MAP_FIXED|MAP_DENYWRITE, 3, 0x214000) = 0x7f021700c000
234405 mmap(0x7f0217012000, 52816, PROT_READ|PROT_WRITE, MAP_PRIVATE|MAP_FIXED|MAP_ANONYMOUS, -1, 0) = 0x7f0217012000
234405 close(3)                         = 0
234405 mmap(NULL, 12288, PROT_READ|PROT_WRITE, MAP_PRIVATE|MAP_ANONYMOUS, -1, 0) = 0x7f0216df4000
234405 arch_prctl(ARCH_SET_FS, 0x7f0216df4740) = 0
234405 set_tid_address(0x7f0216df4a10)  = 234405
234405 set_robust_list(0x7f0216df4a20, 24) = 0
234405 rseq(0x7f0216df50e0, 0x20, 0, 0x53053053) = 0
234405 mprotect(0x7f021700c000, 16384, PROT_READ) = 0
234405 mprotect(0x55f750774000, 4096, PROT_READ) = 0
234405 mprotect(0x7f0217065000, 8192, PROT_READ) = 0
234405 prlimit64(0, RLIMIT_STACK, NULL, {rlim_cur=8192*1024, rlim_max=RLIM64_INFINITY}) = 0
234405 munmap(0x7f021701f000, 45351)    = 0
234405 pipe2([3, 4], 0)                 = 0
234405 clone(child_stack=NULL, flags=CLONE_CHILD_CLEARTID|CLONE_CHILD_SETTID|SIGCHLD, child_tidptr=0x7f0216df4a10) = 234406
234405 read(3,  <unfinished ...>
234406 set_robust_list(0x7f0216df4a20, 24) = 0
234406 write(4, "Charlie\0\377\377\377\377\377\377\377\377", 16 <unfinished ...>
234405 <... read resumed>"Charlie\0\377\377\377\377\377\377\377\377", 16) = 16
234406 <... write resumed>)             = 16
234405 newfstatat(1, "",  <unfinished ...>
234406 write(2, "Producer sleeping for 1 second.."..., 34 <unfinished ...>
234405 <... newfstatat resumed>{st_mode=S_IFCHR|0620, st_rdev=makedev(0x88, 0x1), ...}, AT_EMPTY_PATH) = 0
234406 <... write resumed>)             = 34
234405 getrandom("\xc2\xee\x27\xf4\x23\xf2\x63\x95", 8, GRND_NONBLOCK) = 8
234405 brk(NULL)                        = 0x55f7520c9000
234405 brk(0x55f7520ea000)              = 0x55f7520ea000
234406 clock_nanosleep(CLOCK_REALTIME, 0, {tv_sec=1, tv_nsec=0},  <unfinished ...>
234405 write(1, "Word 0: Charlie\n", 16) = 16
234405 write(2, "Consumer sleeping for 1 second.."..., 34) = 34
234405 clock_nanosleep(CLOCK_REALTIME, 0, {tv_sec=1, tv_nsec=0},  <unfinished ...>
234406 <... clock_nanosleep resumed>0x7ffd3cabe350) = 0
234406 write(4, "Kilo\0ie\0\377\377\377\377\377\377\377\377", 16) = 16
234405 <... clock_nanosleep resumed>0x7ffd3cabe350) = 0
234406 write(2, "Producer sleeping for 1 second.."..., 34 <unfinished ...>
234405 read(3,  <unfinished ...>
234406 <... write resumed>)             = 34
234405 <... read resumed>"Kilo\0ie\0\377\377\377\377\377\377\377\377", 16) = 16
234406 clock_nanosleep(CLOCK_REALTIME, 0, {tv_sec=1, tv_nsec=0},  <unfinished ...>
234405 write(1, "Word 1: Kilo\n", 13)   = 13
234405 write(2, "Consumer sleeping for 1 second.."..., 34) = 34
234405 clock_nanosleep(CLOCK_REALTIME, 0, {tv_sec=1, tv_nsec=0},  <unfinished ...>
234406 <... clock_nanosleep resumed>0x7ffd3cabe350) = 0
234405 <... clock_nanosleep resumed>0x7ffd3cabe350) = 0
234406 close(4 <unfinished ...>
234405 close(3)                         = 0
234405 write(2, "Consumer finished.\n", 19) = 19
234406 <... close resumed>)             = 0
234405 exit_group(0)                    = ?
234405 +++ exited with 0 +++
234406 write(2, "Producer finished.\n", 19) = 19
234406 exit_group(0)                    = ?
234406 +++ exited with 0 +++
