234069 execve("./3000pc-fifo", ["./3000pc-fifo", "1", "1", "1"], 0x7ffee916dc30 /* 34 vars */) = 0
234069 brk(NULL)                        = 0x55689fc6e000
234069 arch_prctl(0x3001 /* ARCH_??? */, 0x7ffff5c52ec0) = -1 EINVAL (Invalid argument)
234069 mmap(NULL, 8192, PROT_READ|PROT_WRITE, MAP_PRIVATE|MAP_ANONYMOUS, -1, 0) = 0x7fe98d839000
234069 access("/etc/ld.so.preload", R_OK) = -1 ENOENT (No such file or directory)
234069 openat(AT_FDCWD, "/etc/ld.so.cache", O_RDONLY|O_CLOEXEC) = 3
234069 newfstatat(3, "", {st_mode=S_IFREG|0644, st_size=45351, ...}, AT_EMPTY_PATH) = 0
234069 mmap(NULL, 45351, PROT_READ, MAP_PRIVATE, 3, 0) = 0x7fe98d82d000
234069 close(3)                         = 0
234069 openat(AT_FDCWD, "/lib/x86_64-linux-gnu/libc.so.6", O_RDONLY|O_CLOEXEC) = 3
234069 read(3, "\177ELF\2\1\1\3\0\0\0\0\0\0\0\0\3\0>\0\1\0\0\0P\237\2\0\0\0\0\0"..., 832) = 832
234069 pread64(3, "\6\0\0\0\4\0\0\0@\0\0\0\0\0\0\0@\0\0\0\0\0\0\0@\0\0\0\0\0\0\0"..., 784, 64) = 784
234069 pread64(3, "\4\0\0\0 \0\0\0\5\0\0\0GNU\0\2\0\0\300\4\0\0\0\3\0\0\0\0\0\0\0"..., 48, 848) = 48
234069 pread64(3, "\4\0\0\0\24\0\0\0\3\0\0\0GNU\0i8\235HZ\227\223\333\350s\360\352,\223\340."..., 68, 896) = 68
234069 newfstatat(3, "", {st_mode=S_IFREG|0644, st_size=2216304, ...}, AT_EMPTY_PATH) = 0
234069 pread64(3, "\6\0\0\0\4\0\0\0@\0\0\0\0\0\0\0@\0\0\0\0\0\0\0@\0\0\0\0\0\0\0"..., 784, 64) = 784
234069 mmap(NULL, 2260560, PROT_READ, MAP_PRIVATE|MAP_DENYWRITE, 3, 0) = 0x7fe98d605000
234069 mmap(0x7fe98d62d000, 1658880, PROT_READ|PROT_EXEC, MAP_PRIVATE|MAP_FIXED|MAP_DENYWRITE, 3, 0x28000) = 0x7fe98d62d000
234069 mmap(0x7fe98d7c2000, 360448, PROT_READ, MAP_PRIVATE|MAP_FIXED|MAP_DENYWRITE, 3, 0x1bd000) = 0x7fe98d7c2000
234069 mmap(0x7fe98d81a000, 24576, PROT_READ|PROT_WRITE, MAP_PRIVATE|MAP_FIXED|MAP_DENYWRITE, 3, 0x214000) = 0x7fe98d81a000
234069 mmap(0x7fe98d820000, 52816, PROT_READ|PROT_WRITE, MAP_PRIVATE|MAP_FIXED|MAP_ANONYMOUS, -1, 0) = 0x7fe98d820000
234069 close(3)                         = 0
234069 mmap(NULL, 12288, PROT_READ|PROT_WRITE, MAP_PRIVATE|MAP_ANONYMOUS, -1, 0) = 0x7fe98d602000
234069 arch_prctl(ARCH_SET_FS, 0x7fe98d602740) = 0
234069 set_tid_address(0x7fe98d602a10)  = 234069
234069 set_robust_list(0x7fe98d602a20, 24) = 0
234069 rseq(0x7fe98d6030e0, 0x20, 0, 0x53053053) = 0
234069 mprotect(0x7fe98d81a000, 16384, PROT_READ) = 0
234069 mprotect(0x55689efa1000, 4096, PROT_READ) = 0
234069 mprotect(0x7fe98d873000, 8192, PROT_READ) = 0
234069 prlimit64(0, RLIMIT_STACK, NULL, {rlim_cur=8192*1024, rlim_max=RLIM64_INFINITY}) = 0
234069 munmap(0x7fe98d82d000, 45351)    = 0
234069 pipe2([3, 4], 0)                 = 0
234069 clone(child_stack=NULL, flags=CLONE_CHILD_CLEARTID|CLONE_CHILD_SETTID|SIGCHLD, child_tidptr=0x7fe98d602a10) = 234070
234069 read(3,  <unfinished ...>
234070 set_robust_list(0x7fe98d602a20, 24) = 0
234070 write(4, "Hotel\0\0\0\377\377\377\377\377\377\377\377", 16 <unfinished ...>
234069 <... read resumed>"Hotel\0\0\0\377\377\377\377\377\377\377\377", 16) = 16
234070 <... write resumed>)             = 16
234069 newfstatat(1, "",  <unfinished ...>
234070 write(2, "Producer sleeping for 1 second.."..., 34 <unfinished ...>
234069 <... newfstatat resumed>{st_mode=S_IFCHR|0620, st_rdev=makedev(0x88, 0x1), ...}, AT_EMPTY_PATH) = 0
234070 <... write resumed>)             = 34
234069 getrandom("\x27\xba\x0a\x3a\x98\x3b\x23\xfa", 8, GRND_NONBLOCK) = 8
234069 brk(NULL <unfinished ...>
234070 clock_nanosleep(CLOCK_REALTIME, 0, {tv_sec=1, tv_nsec=0},  <unfinished ...>
234069 <... brk resumed>)               = 0x55689fc6e000
234069 brk(0x55689fc8f000)              = 0x55689fc8f000
234069 write(1, "Word 0: Hotel\n", 14)  = 14
234069 write(2, "Consumer sleeping for 1 second.."..., 34) = 34
234069 clock_nanosleep(CLOCK_REALTIME, 0, {tv_sec=1, tv_nsec=0},  <unfinished ...>
234070 <... clock_nanosleep resumed>0x7ffff5c52ea0) = 0
234070 close(4)                         = 0
234070 write(2, "Producer finished.\n", 19) = 19
234070 exit_group(0 <unfinished ...>
234069 <... clock_nanosleep resumed>0x7ffff5c52ea0) = 0
234070 <... exit_group resumed>)        = ?
234069 close(3)                         = 0
234069 write(2, "Consumer finished.\n", 19 <unfinished ...>
234070 +++ exited with 0 +++
234069 <... write resumed>)             = ? ERESTARTSYS (To be restarted if SA_RESTART is set)
234069 --- SIGCHLD {si_signo=SIGCHLD, si_code=CLD_EXITED, si_pid=234070, si_uid=1000, si_status=0, si_utime=0, si_stime=0} ---
234069 write(2, "Consumer finished.\n", 19) = 19
234069 exit_group(0)                    = ?
234069 +++ exited with 0 +++
