234288 execve("./3000pc-rendezvous", ["./3000pc-rendezvous", "2", "1", "1"], 0x7ffca455c130 /* 34 vars */) = 0
234288 brk(NULL)                        = 0x55ad383c8000
234288 arch_prctl(0x3001 /* ARCH_??? */, 0x7ffc5b9da0c0) = -1 EINVAL (Invalid argument)
234288 mmap(NULL, 8192, PROT_READ|PROT_WRITE, MAP_PRIVATE|MAP_ANONYMOUS, -1, 0) = 0x7feb879dc000
234288 access("/etc/ld.so.preload", R_OK) = -1 ENOENT (No such file or directory)
234288 openat(AT_FDCWD, "/etc/ld.so.cache", O_RDONLY|O_CLOEXEC) = 3
234288 newfstatat(3, "", {st_mode=S_IFREG|0644, st_size=45351, ...}, AT_EMPTY_PATH) = 0
234288 mmap(NULL, 45351, PROT_READ, MAP_PRIVATE, 3, 0) = 0x7feb879d0000
234288 close(3)                         = 0
234288 openat(AT_FDCWD, "/lib/x86_64-linux-gnu/libc.so.6", O_RDONLY|O_CLOEXEC) = 3
234288 read(3, "\177ELF\2\1\1\3\0\0\0\0\0\0\0\0\3\0>\0\1\0\0\0P\237\2\0\0\0\0\0"..., 832) = 832
234288 pread64(3, "\6\0\0\0\4\0\0\0@\0\0\0\0\0\0\0@\0\0\0\0\0\0\0@\0\0\0\0\0\0\0"..., 784, 64) = 784
234288 pread64(3, "\4\0\0\0 \0\0\0\5\0\0\0GNU\0\2\0\0\300\4\0\0\0\3\0\0\0\0\0\0\0"..., 48, 848) = 48
234288 pread64(3, "\4\0\0\0\24\0\0\0\3\0\0\0GNU\0i8\235HZ\227\223\333\350s\360\352,\223\340."..., 68, 896) = 68
234288 newfstatat(3, "", {st_mode=S_IFREG|0644, st_size=2216304, ...}, AT_EMPTY_PATH) = 0
234288 pread64(3, "\6\0\0\0\4\0\0\0@\0\0\0\0\0\0\0@\0\0\0\0\0\0\0@\0\0\0\0\0\0\0"..., 784, 64) = 784
234288 mmap(NULL, 2260560, PROT_READ, MAP_PRIVATE|MAP_DENYWRITE, 3, 0) = 0x7feb877a8000
234288 mmap(0x7feb877d0000, 1658880, PROT_READ|PROT_EXEC, MAP_PRIVATE|MAP_FIXED|MAP_DENYWRITE, 3, 0x28000) = 0x7feb877d0000
234288 mmap(0x7feb87965000, 360448, PROT_READ, MAP_PRIVATE|MAP_FIXED|MAP_DENYWRITE, 3, 0x1bd000) = 0x7feb87965000
234288 mmap(0x7feb879bd000, 24576, PROT_READ|PROT_WRITE, MAP_PRIVATE|MAP_FIXED|MAP_DENYWRITE, 3, 0x214000) = 0x7feb879bd000
234288 mmap(0x7feb879c3000, 52816, PROT_READ|PROT_WRITE, MAP_PRIVATE|MAP_FIXED|MAP_ANONYMOUS, -1, 0) = 0x7feb879c3000
234288 close(3)                         = 0
234288 mmap(NULL, 12288, PROT_READ|PROT_WRITE, MAP_PRIVATE|MAP_ANONYMOUS, -1, 0) = 0x7feb877a5000
234288 arch_prctl(ARCH_SET_FS, 0x7feb877a5740) = 0
234288 set_tid_address(0x7feb877a5a10)  = 234288
234288 set_robust_list(0x7feb877a5a20, 24) = 0
234288 rseq(0x7feb877a60e0, 0x20, 0, 0x53053053) = 0
234288 mprotect(0x7feb879bd000, 16384, PROT_READ) = 0
234288 mprotect(0x55ad36a80000, 4096, PROT_READ) = 0
234288 mprotect(0x7feb87a16000, 8192, PROT_READ) = 0
234288 prlimit64(0, RLIMIT_STACK, NULL, {rlim_cur=8192*1024, rlim_max=RLIM64_INFINITY}) = 0
234288 munmap(0x7feb879d0000, 45351)    = 0
234288 mmap(NULL, 1696, PROT_READ|PROT_WRITE, MAP_SHARED|MAP_ANONYMOUS, -1, 0) = 0x7feb87a15000
234288 clone(child_stack=NULL, flags=CLONE_CHILD_CLEARTID|CLONE_CHILD_SETTID|SIGCHLD, child_tidptr=0x7feb877a5a10) = 234289
234288 getpid()                         = 234288
234288 futex(0x7feb87a15050, FUTEX_WAIT_BITSET|FUTEX_CLOCK_REALTIME, 0, NULL, FUTEX_BITSET_MATCH_ANY <unfinished ...>
234289 set_robust_list(0x7feb877a5a20, 24) = 0
234289 getpid()                         = 234289
234289 openat(AT_FDCWD, "/dev/urandom", O_RDONLY) = 3
234289 read(3, "\325\315\270;", 4)      = 4
234289 close(3)                         = 0
234289 futex(0x7feb87a15050, FUTEX_WAKE, 1) = 1
234288 <... futex resumed>)             = 0
234288 futex(0x7feb87a15000, FUTEX_WAKE, 1) = 0
234289 write(2, "Producer sleeping for 1 second.."..., 34) = 34
234289 clock_nanosleep(CLOCK_REALTIME, 0, {tv_sec=1, tv_nsec=0},  <unfinished ...>
234288 newfstatat(1, "", {st_mode=S_IFCHR|0620, st_rdev=makedev(0x88, 0x1), ...}, AT_EMPTY_PATH) = 0
234288 getrandom("\x2d\x99\x0b\x64\x23\xca\xe8\x71", 8, GRND_NONBLOCK) = 8
234288 brk(NULL)                        = 0x55ad383c8000
234288 brk(0x55ad383e9000)              = 0x55ad383e9000
234288 write(1, "Word 1: Echo\n", 13)   = 13
234288 write(2, "Consumer sleeping for 1 second.."..., 34) = 34
234288 clock_nanosleep(CLOCK_REALTIME, 0, {tv_sec=1, tv_nsec=0},  <unfinished ...>
234289 <... clock_nanosleep resumed>0x7ffc5b9da0b0) = 0
234289 openat(AT_FDCWD, "/dev/urandom", O_RDONLY) = 3
234289 read(3, "\342\313\240\16", 4)    = 4
234289 close(3)                         = 0
234289 write(2, "Producer sleeping for 1 second.."..., 34) = 34
234289 clock_nanosleep(CLOCK_REALTIME, 0, {tv_sec=1, tv_nsec=0},  <unfinished ...>
234288 <... clock_nanosleep resumed>0x7ffc5b9da0b0) = 0
234288 write(1, "Word 2: Victor\n", 15) = 15
234288 write(2, "Consumer sleeping for 1 second.."..., 34) = 34
234288 clock_nanosleep(CLOCK_REALTIME, 0, {tv_sec=1, tv_nsec=0},  <unfinished ...>
234289 <... clock_nanosleep resumed>0x7ffc5b9da0b0) = 0
234289 write(2, "Producer finished.\n", 19) = 19
234289 exit_group(0)                    = ?
234289 +++ exited with 0 +++
234288 <... clock_nanosleep resumed>{tv_sec=0, tv_nsec=2774750}) = ? ERESTART_RESTARTBLOCK (Interrupted by signal)
234288 --- SIGCHLD {si_signo=SIGCHLD, si_code=CLD_EXITED, si_pid=234289, si_uid=1000, si_status=0, si_utime=0, si_stime=0} ---
234288 restart_syscall(<... resuming interrupted clock_nanosleep ...>) = 0
234288 write(2, "Consumer finished.\n", 19) = 19
234288 exit_group(0)                    = ?
234288 +++ exited with 0 +++
