__libc_start_main@libc.so.6(0x557e29bd6414, 1, 0x7ffd5572f8a8, 0 <unfinished ...>
__cxa_atexit@libc.so.6(0x7f703c9f8040, 0, 0, 0)                                 = 0
_init(1, 0x7ffd5572f8a8, 0x7ffd5572f8b8, 0x557e29bd6000)                        = 0
frame_dummy(1, 0x7ffd5572f8a8, 0x7ffd5572f8b8, 0x557e29bd8de8 <unfinished ...>
register_tm_clones(1, 0x7ffd5572f8a8, 0x7ffd5572f8b8, 0x557e29bd8de8)           = 0
<... frame_dummy resumed> )                                                     = 0
_dl_audit_preinit@ld-linux-x86-64.so.2(0x7f703ca2d2e0, 0, 0x7ffd5572f8b8, 0x557e29bd8df0) = 0
_setjmp@libc.so.6(0x7ffd5572f7c0, 1, 0x7ffd5572f8a8, 0x557e29bd8df0 <unfinished ...>
__sigsetjmp@libc.so.6(0x7ffd5572f7c0, 0, 0x7ffd5572f8a8, 0x557e29bd8df0)        = 0
<... _setjmp resumed> )                                                         = 0
main(1, 0x7ffd5572f8a8, 0x7ffd5572f8b8, 0x557e29bd8df0 <unfinished ...>
choose_program(1, 0x7ffd5572f8a8, 0x7ffd5572f8b8, 0x557e29bd8df0 <unfinished ...>
puts("\nChoose a program to run:\n" <unfinished ...>
puts@libc.so.6("\nChoose a program to run:\n" <unfinished ...>
_IO_file_xsputn@libc.so.6(0x7f703c9d6780, 0x557e29bd7010, 26, 3072 <unfinished ...>
_IO_file_overflow@libc.so.6(0x7f703c9d6780, 0xffffffff, 3072, 3072 <unfinished ...>
_IO_doallocbuf@libc.so.6(0x7f703c9d6780, 0, 3072, 3072 <unfinished ...>
_IO_file_doallocate@libc.so.6(0x7f703c9d6780, 0, 0x7f703c9d1a00, 3072 <unfinished ...>
_IO_file_stat@libc.so.6(0x7f703c9d6780, 0x7ffd5572f5b0, 0x7f703c9d1a00, 3072 <unfinished ...>
fstat@libc.so.6(1, 0x7ffd5572f5b0, 0x7f703c9d1a00, 3072 <unfinished ...>
fstatat@libc.so.6(1, 0x7f703c99446f, 0x7ffd5572f5b0, 4096)                      = 0
<... fstat resumed> )                                                           = 0
<... _IO_file_stat resumed> )                                                   = 0
malloc@libc.so.6(1024 <unfinished ...>
getrandom@libc.so.6(0x7f703c9dc4d8, 8, 1, 0x7f703c8cfeee)                       = 8
__tunable_get_val@ld-linux-x86-64.so.2(14, 0x7ffd5572f540, 0x7f703c85cf70, 0x7f703c9d5ce0) = 1568
__tunable_get_val@ld-linux-x86-64.so.2(3, 0x7ffd5572f540, 0x7f703c85cfd0, 0x7f703ca2ab00) = 336
__tunable_get_val@ld-linux-x86-64.so.2(27, 0x7ffd5572f540, 0x7f703c85cf90, 0x7f703ca2ab00) = 3024
__tunable_get_val@ld-linux-x86-64.so.2(2, 0x7ffd5572f540, 0x7f703c85cf50, 0x7f703ca2ab00) = 224
__tunable_get_val@ld-linux-x86-64.so.2(20, 0x7ffd5572f540, 0x7f703c85cfb0, 0x7f703ca2ab00) = 2240
__tunable_get_val@ld-linux-x86-64.so.2(26, 0x7ffd5572f540, 0x7f703c85ccd0, 0x7f703ca2ab00) = 2912
__tunable_get_val@ld-linux-x86-64.so.2(30, 0x7ffd5572f540, 0x7f703c85cce0, 0x7f703ca2ab00) = 3360
__tunable_get_val@ld-linux-x86-64.so.2(33, 0x7ffd5572f540, 0x7f703c85ccf0, 0x7f703ca2ab00) = 3696
__tunable_get_val@ld-linux-x86-64.so.2(29, 0x7ffd5572f540, 0x7f703c85cd30, 0x7f703ca2ab00) = 3248
__tunable_get_val@ld-linux-x86-64.so.2(22, 0x7ffd5572f540, 0x7f703c85cd50, 0x7f703ca2ab00) = 2464
__tunable_get_val@ld-linux-x86-64.so.2(11, 0x7ffd5572f540, 0x7f703c85cec0, 0x7f703ca2ab00) = 1232
__tunable_get_val@ld-linux-x86-64.so.2(9, 0x7ffd5572f540, 0x7f703c85d080, 0x7f703ca2ab00) = 1008
__default_morecore@libc.so.6(0x21000, 0x7f703c9d5c80, 0, 688 <unfinished ...>
sbrk@libc.so.6(135168 <unfinished ...>
brk@libc.so.6(0, 0x7f703c9d5c80, 0, 688)                                        = 0
brk@libc.so.6(0x557e2ae5e000, 0x7f703c9d5c80, 0x7f703c9dd218, 0x7f703c8d69db)   = 0
<... sbrk resumed> )                                                            = 0x557e2ae3d000
<... __default_morecore resumed> )                                              = 0x557e2ae3d000
__default_morecore@libc.so.6(0, 0xffffaa81d51a2000, 0x557e2ae5e000, 0 <unfinished ...>
sbrk@libc.so.6(0)                                                               = 0x557e2ae5e000
<... __default_morecore resumed> )                                              = 0x557e2ae5e000
<... malloc resumed> )                                                          = 0x557e2ae3d2a0
_IO_setb@libc.so.6(0x7f703c9d6780, 0x557e2ae3d2a0, 0x557e2ae3d6a0, 1)           = 0xfbad2284
<... _IO_file_doallocate resumed> )                                             = 1
<... _IO_doallocbuf resumed> )                                                  = 1
_IO_do_write@libc.so.6(0x7f703c9d6780, 0x557e2ae3d2a0, 0, 0xffffffff)           = 0
<... _IO_file_overflow resumed> )                                               = 0
_IO_default_xsputn@libc.so.6(0x7f703c9d6780, 0x557e29bd7010, 26, 1024 <unfinished ...>
_IO_file_overflow@libc.so.6(0x7f703c9d6780, 10, 3072, 0x557e29bd7010 <unfinished ...>
_IO_do_write@libc.so.6(0x7f703c9d6780, 0x557e2ae3d2a0, 1, 0x557e29bd7010 <unfinished ...>
_IO_file_write@libc.so.6(0x7f703c9d6780, 0x557e2ae3d2a0, 1, 0x557e29bd7010 <unfinished ...>
write@libc.so.6(1, "\n", 1)                                                     = 1
<... _IO_file_write resumed> )                                                  = 1
<... _IO_do_write resumed> )                                                    = 0
<... _IO_file_overflow resumed> )                                               = 10
_IO_file_overflow@libc.so.6(0x7f703c9d6780, 67, 3072, 0x557e29bd7011)           = 67
_IO_file_overflow@libc.so.6(0x7f703c9d6780, 104, 3072, 0x557e29bd7012)          = 104
_IO_file_overflow@libc.so.6(0x7f703c9d6780, 111, 3072, 0x557e29bd7013)          = 111
_IO_file_overflow@libc.so.6(0x7f703c9d6780, 111, 3072, 0x557e29bd7014)          = 111
_IO_file_overflow@libc.so.6(0x7f703c9d6780, 115, 3072, 0x557e29bd7015)          = 115
_IO_file_overflow@libc.so.6(0x7f703c9d6780, 101, 3072, 0x557e29bd7016)          = 101
_IO_file_overflow@libc.so.6(0x7f703c9d6780, 32, 3072, 0x557e29bd7017)           = 32
_IO_file_overflow@libc.so.6(0x7f703c9d6780, 97, 3072, 0x557e29bd7018)           = 97
_IO_file_overflow@libc.so.6(0x7f703c9d6780, 32, 3072, 0x557e29bd7019)           = 32
_IO_file_overflow@libc.so.6(0x7f703c9d6780, 112, 3072, 0x557e29bd701a)          = 112
_IO_file_overflow@libc.so.6(0x7f703c9d6780, 114, 3072, 0x557e29bd701b)          = 114
_IO_file_overflow@libc.so.6(0x7f703c9d6780, 111, 3072, 0x557e29bd701c)          = 111
_IO_file_overflow@libc.so.6(0x7f703c9d6780, 103, 3072, 0x557e29bd701d)          = 103
_IO_file_overflow@libc.so.6(0x7f703c9d6780, 114, 3072, 0x557e29bd701e)          = 114
_IO_file_overflow@libc.so.6(0x7f703c9d6780, 97, 3072, 0x557e29bd701f)           = 97
_IO_file_overflow@libc.so.6(0x7f703c9d6780, 109, 3072, 0x557e29bd7020)          = 109
_IO_file_overflow@libc.so.6(0x7f703c9d6780, 32, 3072, 0x557e29bd7021)           = 32
_IO_file_overflow@libc.so.6(0x7f703c9d6780, 116, 3072, 0x557e29bd7022)          = 116
_IO_file_overflow@libc.so.6(0x7f703c9d6780, 111, 3072, 0x557e29bd7023)          = 111
_IO_file_overflow@libc.so.6(0x7f703c9d6780, 32, 3072, 0x557e29bd7024)           = 32
_IO_file_overflow@libc.so.6(0x7f703c9d6780, 114, 3072, 0x557e29bd7025)          = 114
_IO_file_overflow@libc.so.6(0x7f703c9d6780, 117, 3072, 0x557e29bd7026)          = 117
_IO_file_overflow@libc.so.6(0x7f703c9d6780, 110, 3072, 0x557e29bd7027)          = 110
_IO_file_overflow@libc.so.6(0x7f703c9d6780, 58, 3072, 0x557e29bd7028)           = 58
_IO_file_overflow@libc.so.6(0x7f703c9d6780, 10, 3072, 0x557e29bd7029 <unfinished ...>
_IO_do_write@libc.so.6(0x7f703c9d6780, 0x557e2ae3d2a0, 25, 0x557e29bd7029 <unfinished ...>
_IO_file_write@libc.so.6(0x7f703c9d6780, 0x557e2ae3d2a0, 25, 0x557e29bd7029 <unfinished ...>
write@libc.so.6(1, "Choose a program to run:\n", 25)                            = 25
<... _IO_file_write resumed> )                                                  = 25
<... _IO_do_write resumed> )                                                    = 0
<... _IO_file_overflow resumed> )                                               = 10
<... _IO_default_xsputn resumed> )                                              = 26
<... _IO_file_xsputn resumed> )                                                 = 26
__overflow@libc.so.6(0x7f703c9d6780, 10, 0xffffffff, 0x557e29bd702a <unfinished ...>
_IO_file_overflow@libc.so.6(0x7f703c9d6780, 10, 0x7f703c9d1a00, 3072 <unfinished ...>
_IO_do_write@libc.so.6(0x7f703c9d6780, 0x557e2ae3d2a0, 1, 3072 <unfinished ...>
_IO_file_write@libc.so.6(0x7f703c9d6780, 0x557e2ae3d2a0, 1, 3072 <unfinished ...>
write@libc.so.6(1, "\n", 1)                                                     = 1
<... _IO_file_write resumed> )                                                  = 1
<... _IO_do_write resumed> )                                                    = 0
<... _IO_file_overflow resumed> )                                               = 10
<... __overflow resumed> )                                                      = 10
<... puts resumed> )                                                            = 27
<... puts resumed> )                                                            = 27
__printf_chk(1, 0x557e29bd702b, 1, 0x557e29bd7042 <unfinished ...>
__printf_chk@libc.so.6(1, 0x557e29bd702b, 1, 0x557e29bd7042 <unfinished ...>
_IO_file_xsputn@libc.so.6(0x7f703c9d6780, 0x557e29bd702b, 0, 0x7f703c9d1a00)    = 0
_IO_file_xsputn@libc.so.6(0x7f703c9d6780, 0x7ffd5572f617, 1, 0)                 = 1
_IO_file_xsputn@libc.so.6(0x7f703c9d6780, 0x557e29bd702d, 2, 1)                 = 2
_IO_file_xsputn@libc.so.6(0x7f703c9d6780, 0x557e29bd7042, 11, 1)                = 11
_IO_file_xsputn@libc.so.6(0x7f703c9d6780, 0x557e29bd7031, 1, 1 <unfinished ...>
_IO_file_overflow@libc.so.6(0x7f703c9d6780, 0xffffffff, 3072, 10 <unfinished ...>
_IO_do_write@libc.so.6(0x7f703c9d6780, 0x557e2ae3d2a0, 15, 10 <unfinished ...>
_IO_file_write@libc.so.6(0x7f703c9d6780, 0x557e2ae3d2a0, 15, 10 <unfinished ...>
write@libc.so.6(1, "1. /usr/bin/ls\n", 15)                                      = 15
<... _IO_file_write resumed> )                                                  = 15
<... _IO_do_write resumed> )                                                    = 0
<... _IO_file_overflow resumed> )                                               = 0
<... _IO_file_xsputn resumed> )                                                 = 1
<... __printf_chk resumed> )                                                    = 15
<... __printf_chk resumed> )                                                    = 15
__printf_chk@libc.so.6(1, 0x557e29bd702b, 2, 0x557e29bd704e <unfinished ...>
_IO_file_xsputn@libc.so.6(0x7f703c9d6780, 0x557e29bd702b, 0, 0x7f703c9d1a00)    = 0
_IO_file_xsputn@libc.so.6(0x7f703c9d6780, 0x7ffd5572f617, 1, 0)                 = 1
_IO_file_xsputn@libc.so.6(0x7f703c9d6780, 0x557e29bd702d, 2, 1)                 = 2
_IO_file_xsputn@libc.so.6(0x7f703c9d6780, 0x557e29bd704e, 15, 1)                = 15
_IO_file_xsputn@libc.so.6(0x7f703c9d6780, 0x557e29bd7031, 1, 1 <unfinished ...>
_IO_file_overflow@libc.so.6(0x7f703c9d6780, 0xffffffff, 3072, 10 <unfinished ...>
_IO_do_write@libc.so.6(0x7f703c9d6780, 0x557e2ae3d2a0, 19, 10 <unfinished ...>
_IO_file_write@libc.so.6(0x7f703c9d6780, 0x557e2ae3d2a0, 19, 10 <unfinished ...>
write@libc.so.6(1, "2. /usr/bin/whoami\n", 19)                                  = 19
<... _IO_file_write resumed> )                                                  = 19
<... _IO_do_write resumed> )                                                    = 0
<... _IO_file_overflow resumed> )                                               = 0
<... _IO_file_xsputn resumed> )                                                 = 1
<... __printf_chk resumed> )                                                    = 19
__printf_chk@libc.so.6(1, 0x557e29bd702b, 3, 0x557e29bd705e <unfinished ...>
_IO_file_xsputn@libc.so.6(0x7f703c9d6780, 0x557e29bd702b, 0, 0x7f703c9d1a00)    = 0
_IO_file_xsputn@libc.so.6(0x7f703c9d6780, 0x7ffd5572f617, 1, 0)                 = 1
_IO_file_xsputn@libc.so.6(0x7f703c9d6780, 0x557e29bd702d, 2, 1)                 = 2
_IO_file_xsputn@libc.so.6(0x7f703c9d6780, 0x557e29bd705e, 12, 1)                = 12
_IO_file_xsputn@libc.so.6(0x7f703c9d6780, 0x557e29bd7031, 1, 1 <unfinished ...>
_IO_file_overflow@libc.so.6(0x7f703c9d6780, 0xffffffff, 3072, 10 <unfinished ...>
_IO_do_write@libc.so.6(0x7f703c9d6780, 0x557e2ae3d2a0, 16, 10 <unfinished ...>
_IO_file_write@libc.so.6(0x7f703c9d6780, 0x557e2ae3d2a0, 16, 10 <unfinished ...>
write@libc.so.6(1, "3. /usr/bin/top\n", 16)                                     = 16
<... _IO_file_write resumed> )                                                  = 16
<... _IO_do_write resumed> )                                                    = 0
<... _IO_file_overflow resumed> )                                               = 0
<... _IO_file_xsputn resumed> )                                                 = 1
<... __printf_chk resumed> )                                                    = 16
__printf_chk@libc.so.6(1, 0x557e29bd702b, 4, 0x557e29bd706b <unfinished ...>
_IO_file_xsputn@libc.so.6(0x7f703c9d6780, 0x557e29bd702b, 0, 0x7f703c9d1a00)    = 0
_IO_file_xsputn@libc.so.6(0x7f703c9d6780, 0x7ffd5572f617, 1, 0)                 = 1
_IO_file_xsputn@libc.so.6(0x7f703c9d6780, 0x557e29bd702d, 2, 1)                 = 2
_IO_file_xsputn@libc.so.6(0x7f703c9d6780, 0x557e29bd706b, 4, 1)                 = 4
_IO_file_xsputn@libc.so.6(0x7f703c9d6780, 0x557e29bd7031, 1, 1 <unfinished ...>
_IO_file_overflow@libc.so.6(0x7f703c9d6780, 0xffffffff, 3072, 10 <unfinished ...>
_IO_do_write@libc.so.6(0x7f703c9d6780, 0x557e2ae3d2a0, 8, 10 <unfinished ...>
_IO_file_write@libc.so.6(0x7f703c9d6780, 0x557e2ae3d2a0, 8, 10 <unfinished ...>
write@libc.so.6(1, "4. QUIT\n", 8)                                              = 8
<... _IO_file_write resumed> )                                                  = 8
<... _IO_do_write resumed> )                                                    = 0
<... _IO_file_overflow resumed> )                                               = 0
<... _IO_file_xsputn resumed> )                                                 = 1
<... __printf_chk resumed> )                                                    = 8
__printf_chk@libc.so.6(1, 0x557e29bd7033, 0, 0 <unfinished ...>
_IO_file_xsputn@libc.so.6(0x7f703c9d6780, 0x557e29bd7033, 14, 0x7f703c9d1a00 <unfinished ...>
_IO_file_overflow@libc.so.6(0x7f703c9d6780, 0xffffffff, 3072, 0x7f703c9d1a0a <unfinished ...>
_IO_do_write@libc.so.6(0x7f703c9d6780, 0x557e2ae3d2a0, 1, 0x7f703c9d1a0a <unfinished ...>
_IO_file_write@libc.so.6(0x7f703c9d6780, 0x557e2ae3d2a0, 1, 0x7f703c9d1a0a <unfinished ...>
write@libc.so.6(1, "\n", 1)                                                     = 1
<... _IO_file_write resumed> )                                                  = 1
<... _IO_do_write resumed> )                                                    = 0
<... _IO_file_overflow resumed> )                                               = 0
_IO_default_xsputn@libc.so.6(0x7f703c9d6780, 0x557e29bd7034, 13, 1024 <unfinished ...>
_IO_file_overflow@libc.so.6(0x7f703c9d6780, 89, 3072, 0x557e29bd7034)           = 89
_IO_file_overflow@libc.so.6(0x7f703c9d6780, 111, 3072, 0x557e29bd7035)          = 111
_IO_file_overflow@libc.so.6(0x7f703c9d6780, 117, 3072, 0x557e29bd7036)          = 117
_IO_file_overflow@libc.so.6(0x7f703c9d6780, 114, 3072, 0x557e29bd7037)          = 114
_IO_file_overflow@libc.so.6(0x7f703c9d6780, 32, 3072, 0x557e29bd7038)           = 32
_IO_file_overflow@libc.so.6(0x7f703c9d6780, 99, 3072, 0x557e29bd7039)           = 99
_IO_file_overflow@libc.so.6(0x7f703c9d6780, 104, 3072, 0x557e29bd703a)          = 104
_IO_file_overflow@libc.so.6(0x7f703c9d6780, 111, 3072, 0x557e29bd703b)          = 111
_IO_file_overflow@libc.so.6(0x7f703c9d6780, 105, 3072, 0x557e29bd703c)          = 105
_IO_file_overflow@libc.so.6(0x7f703c9d6780, 99, 3072, 0x557e29bd703d)           = 99
_IO_file_overflow@libc.so.6(0x7f703c9d6780, 101, 3072, 0x557e29bd703e)          = 101
_IO_file_overflow@libc.so.6(0x7f703c9d6780, 63, 3072, 0x557e29bd703f)           = 63
_IO_file_overflow@libc.so.6(0x7f703c9d6780, 32, 3072, 0x557e29bd7040)           = 32
<... _IO_default_xsputn resumed> )                                              = 13
<... _IO_file_xsputn resumed> )                                                 = 14
<... __printf_chk resumed> )                                                    = 14
getline(0x7ffd5572f748, 0x7ffd5572f750, 0x7f703c9d5aa0, 0x557e29bd7041 <unfinished ...>
getline@libc.so.6(0x7ffd5572f748, 0x7ffd5572f750, 0x7f703c9d5aa0, 0x557e29bd7041 <unfinished ...>
getdelim@libc.so.6(0x7ffd5572f748, 0x7ffd5572f750, 10, 0x7f703c9d5aa0 <unfinished ...>
malloc@libc.so.6(120)                                                           = 0x557e2ae3d6b0
__underflow@libc.so.6(0x7f703c9d5aa0, 0x557e2ae3d720, 0, 129 <unfinished ...>
_IO_file_underflow@libc.so.6(0x7f703c9d5aa0, 0, 0x7f703c9d1a00, 3072 <unfinished ...>
_IO_doallocbuf@libc.so.6(0x7f703c9d5aa0, 0, 0, 3072 <unfinished ...>
_IO_file_doallocate@libc.so.6(0x7f703c9d5aa0, 0, 0x7f703c9d1a00, 3072 <unfinished ...>
_IO_file_stat@libc.so.6(0x7f703c9d5aa0, 0x7ffd5572f5b0, 0x7f703c9d1a00, 3072 <unfinished ...>
fstat@libc.so.6(0, 0x7ffd5572f5b0, 0x7f703c9d1a00, 3072 <unfinished ...>
fstatat@libc.so.6(0, 0x7f703c99446f, 0x7ffd5572f5b0, 4096)                      = 0
<... fstat resumed> )                                                           = 0
<... _IO_file_stat resumed> )                                                   = 0
malloc@libc.so.6(1024)                                                          = 0x557e2ae3d730
_IO_setb@libc.so.6(0x7f703c9d5aa0, 0x557e2ae3d730, 0x557e2ae3db30, 1)           = 0xfbad2288
<... _IO_file_doallocate resumed> )                                             = 1
<... _IO_doallocbuf resumed> )                                                  = 1
_IO_file_overflow@libc.so.6(0x7f703c9d6780, 0xffffffff, 640, 1 <unfinished ...>
_IO_do_write@libc.so.6(0x7f703c9d6780, 0x557e2ae3d2a0, 13, 1 <unfinished ...>
_IO_file_write@libc.so.6(0x7f703c9d6780, 0x557e2ae3d2a0, 13, 1 <unfinished ...>
write@libc.so.6(1, "Your choice? ", 13)                                         = 13
<... _IO_file_write resumed> )                                                  = 13
<... _IO_do_write resumed> )                                                    = 0
<... _IO_file_overflow resumed> )                                               = 0
_IO_switch_to_get_mode@libc.so.6(0x7f703c9d5aa0, 0x557e2ae3d2a0, 0xffffffff, 0x7f703c8d0a37) = 0
_IO_file_read@libc.so.6(0x7f703c9d5aa0, 0x557e2ae3d730, 1024, 0x557e2ae3d730 <unfinished ...>
read@libc.so.6(0, "1\n", 1024)                                                  = 2
<... _IO_file_read resumed> )                                                   = 2
<... _IO_file_underflow resumed> )                                              = 49
<... __underflow resumed> )                                                     = 49
<... getdelim resumed> )                                                        = 2
<... getline resumed> )                                                         = 2
<... getline resumed> )                                                         = 2
strtol(0x557e2ae3d6b0, 0, 10, 49 <unfinished ...>
strtol@libc.so.6(0x557e2ae3d6b0, 0, 10, 49)                                     = 1
<... strtol resumed> )                                                          = 1
free(0x557e2ae3d6b0 <unfinished ...>
free@libc.so.6(0x557e2ae3d6b0)                                                  = <void>
<... free resumed> )                                                            = <void>
<... choose_program resumed> )                                                  = 0
run_program(0, 0x557e2ae3d010, 0, 6 <unfinished ...>
__printf_chk@libc.so.6(1, 0x557e29bd7004, 0x557e29bd7042, 6 <unfinished ...>
_IO_file_xsputn@libc.so.6(0x7f703c9d6780, 0x557e29bd7004, 8, 0x7f703c9d1a00)    = 8
_IO_file_xsputn@libc.so.6(0x7f703c9d6780, 0x557e29bd7042, 11, 0x20676e696e6e7552) = 11
_IO_file_xsputn@libc.so.6(0x7f703c9d6780, 0x557e29bd700e, 1, 1 <unfinished ...>
_IO_file_overflow@libc.so.6(0x7f703c9d6780, 0xffffffff, 3072, 10 <unfinished ...>
_IO_do_write@libc.so.6(0x7f703c9d6780, 0x557e2ae3d2a0, 20, 10 <unfinished ...>
_IO_file_write@libc.so.6(0x7f703c9d6780, 0x557e2ae3d2a0, 20, 10 <unfinished ...>
write@libc.so.6(1, "Running /usr/bin/ls\n", 20)                                 = 20
<... _IO_file_write resumed> )                                                  = 20
<... _IO_do_write resumed> )                                                    = 0
<... _IO_file_overflow resumed> )                                               = 0
<... _IO_file_xsputn resumed> )                                                 = 1
<... __printf_chk resumed> )                                                    = 20
fork( <unfinished ...>
fork@libc.so.6( <unfinished ...>
_Fork@libc.so.6(0, 0, 0, 1)                                                     = 0x150b1
<... fork resumed> )                                                            = 86193
<... fork resumed> )                                                            = 86193
wait(0x7ffd5572f774 <unfinished ...>
wait@libc.so.6(0x7ffd5572f774 <unfinished ...>
waitpid@libc.so.6(-1, 0x7ffd5572f774, 0 <unfinished ...>
wait4@libc.so.6(0xffffffff, 0x7ffd5572f774, 0, 0 <no return ...>
--- SIGCHLD (Child exited) ---
<... wait4 resumed> )                                                           = 0x150b1
<... waitpid resumed> )                                                         = 86193
<... wait resumed> )                                                            = 86193
<... wait resumed> )                                                            = 86193
<... run_program resumed> )                                                     = 0
choose_program(0xffffffff, 0x7ffd5572f774, 0, 0x7f703c8a645a <unfinished ...>
puts@libc.so.6("\nChoose a program to run:\n" <unfinished ...>
_IO_file_xsputn@libc.so.6(0x7f703c9d6780, 0x557e29bd7010, 26, 3072 <unfinished ...>
_IO_file_overflow@libc.so.6(0x7f703c9d6780, 0xffffffff, 3072, 3072 <unfinished ...>
_IO_do_write@libc.so.6(0x7f703c9d6780, 0x557e2ae3d2a0, 26, 3072 <unfinished ...>
_IO_file_write@libc.so.6(0x7f703c9d6780, 0x557e2ae3d2a0, 26, 3072 <unfinished ...>
write@libc.so.6(1, "\nChoose a program to run:\n", 26)                          = 26
<... _IO_file_write resumed> )                                                  = 26
<... _IO_do_write resumed> )                                                    = 0
<... _IO_file_overflow resumed> )                                               = 0
<... _IO_file_xsputn resumed> )                                                 = 26
__overflow@libc.so.6(0x7f703c9d6780, 10, 0, 1024 <unfinished ...>
_IO_file_overflow@libc.so.6(0x7f703c9d6780, 10, 0x7f703c9d1a00, 3072 <unfinished ...>
_IO_do_write@libc.so.6(0x7f703c9d6780, 0x557e2ae3d2a0, 1, 3072 <unfinished ...>
_IO_file_write@libc.so.6(0x7f703c9d6780, 0x557e2ae3d2a0, 1, 3072 <unfinished ...>
write@libc.so.6(1, "\n", 1)                                                     = 1
<... _IO_file_write resumed> )                                                  = 1
<... _IO_do_write resumed> )                                                    = 0
<... _IO_file_overflow resumed> )                                               = 10
<... __overflow resumed> )                                                      = 10
<... puts resumed> )                                                            = 27
__printf_chk@libc.so.6(1, 0x557e29bd702b, 1, 0x557e29bd7042 <unfinished ...>
_IO_file_xsputn@libc.so.6(0x7f703c9d6780, 0x557e29bd702b, 0, 0x7f703c9d1a00)    = 0
_IO_file_xsputn@libc.so.6(0x7f703c9d6780, 0x7ffd5572f617, 1, 0)                 = 1
_IO_file_xsputn@libc.so.6(0x7f703c9d6780, 0x557e29bd702d, 2, 1)                 = 2
_IO_file_xsputn@libc.so.6(0x7f703c9d6780, 0x557e29bd7042, 11, 1)                = 11
_IO_file_xsputn@libc.so.6(0x7f703c9d6780, 0x557e29bd7031, 1, 1 <unfinished ...>
_IO_file_overflow@libc.so.6(0x7f703c9d6780, 0xffffffff, 3072, 10 <unfinished ...>
_IO_do_write@libc.so.6(0x7f703c9d6780, 0x557e2ae3d2a0, 15, 10 <unfinished ...>
_IO_file_write@libc.so.6(0x7f703c9d6780, 0x557e2ae3d2a0, 15, 10 <unfinished ...>
write@libc.so.6(1, "1. /usr/bin/ls\n", 15)                                      = 15
<... _IO_file_write resumed> )                                                  = 15
<... _IO_do_write resumed> )                                                    = 0
<... _IO_file_overflow resumed> )                                               = 0
<... _IO_file_xsputn resumed> )                                                 = 1
<... __printf_chk resumed> )                                                    = 15
__printf_chk@libc.so.6(1, 0x557e29bd702b, 2, 0x557e29bd704e <unfinished ...>
_IO_file_xsputn@libc.so.6(0x7f703c9d6780, 0x557e29bd702b, 0, 0x7f703c9d1a00)    = 0
_IO_file_xsputn@libc.so.6(0x7f703c9d6780, 0x7ffd5572f617, 1, 0)                 = 1
_IO_file_xsputn@libc.so.6(0x7f703c9d6780, 0x557e29bd702d, 2, 1)                 = 2
_IO_file_xsputn@libc.so.6(0x7f703c9d6780, 0x557e29bd704e, 15, 1)                = 15
_IO_file_xsputn@libc.so.6(0x7f703c9d6780, 0x557e29bd7031, 1, 1 <unfinished ...>
_IO_file_overflow@libc.so.6(0x7f703c9d6780, 0xffffffff, 3072, 10 <unfinished ...>
_IO_do_write@libc.so.6(0x7f703c9d6780, 0x557e2ae3d2a0, 19, 10 <unfinished ...>
_IO_file_write@libc.so.6(0x7f703c9d6780, 0x557e2ae3d2a0, 19, 10 <unfinished ...>
write@libc.so.6(1, "2. /usr/bin/whoami\n", 19)                                  = 19
<... _IO_file_write resumed> )                                                  = 19
<... _IO_do_write resumed> )                                                    = 0
<... _IO_file_overflow resumed> )                                               = 0
<... _IO_file_xsputn resumed> )                                                 = 1
<... __printf_chk resumed> )                                                    = 19
__printf_chk@libc.so.6(1, 0x557e29bd702b, 3, 0x557e29bd705e <unfinished ...>
_IO_file_xsputn@libc.so.6(0x7f703c9d6780, 0x557e29bd702b, 0, 0x7f703c9d1a00)    = 0
_IO_file_xsputn@libc.so.6(0x7f703c9d6780, 0x7ffd5572f617, 1, 0)                 = 1
_IO_file_xsputn@libc.so.6(0x7f703c9d6780, 0x557e29bd702d, 2, 1)                 = 2
_IO_file_xsputn@libc.so.6(0x7f703c9d6780, 0x557e29bd705e, 12, 1)                = 12
_IO_file_xsputn@libc.so.6(0x7f703c9d6780, 0x557e29bd7031, 1, 1 <unfinished ...>
_IO_file_overflow@libc.so.6(0x7f703c9d6780, 0xffffffff, 3072, 10 <unfinished ...>
_IO_do_write@libc.so.6(0x7f703c9d6780, 0x557e2ae3d2a0, 16, 10 <unfinished ...>
_IO_file_write@libc.so.6(0x7f703c9d6780, 0x557e2ae3d2a0, 16, 10 <unfinished ...>
write@libc.so.6(1, "3. /usr/bin/top\n", 16)                                     = 16
<... _IO_file_write resumed> )                                                  = 16
<... _IO_do_write resumed> )                                                    = 0
<... _IO_file_overflow resumed> )                                               = 0
<... _IO_file_xsputn resumed> )                                                 = 1
<... __printf_chk resumed> )                                                    = 16
__printf_chk@libc.so.6(1, 0x557e29bd702b, 4, 0x557e29bd706b <unfinished ...>
_IO_file_xsputn@libc.so.6(0x7f703c9d6780, 0x557e29bd702b, 0, 0x7f703c9d1a00)    = 0
_IO_file_xsputn@libc.so.6(0x7f703c9d6780, 0x7ffd5572f617, 1, 0)                 = 1
_IO_file_xsputn@libc.so.6(0x7f703c9d6780, 0x557e29bd702d, 2, 1)                 = 2
_IO_file_xsputn@libc.so.6(0x7f703c9d6780, 0x557e29bd706b, 4, 1)                 = 4
_IO_file_xsputn@libc.so.6(0x7f703c9d6780, 0x557e29bd7031, 1, 1 <unfinished ...>
_IO_file_overflow@libc.so.6(0x7f703c9d6780, 0xffffffff, 3072, 10 <unfinished ...>
_IO_do_write@libc.so.6(0x7f703c9d6780, 0x557e2ae3d2a0, 8, 10 <unfinished ...>
_IO_file_write@libc.so.6(0x7f703c9d6780, 0x557e2ae3d2a0, 8, 10 <unfinished ...>
write@libc.so.6(1, "4. QUIT\n", 8)                                              = 8
<... _IO_file_write resumed> )                                                  = 8
<... _IO_do_write resumed> )                                                    = 0
<... _IO_file_overflow resumed> )                                               = 0
<... _IO_file_xsputn resumed> )                                                 = 1
<... __printf_chk resumed> )                                                    = 8
__printf_chk@libc.so.6(1, 0x557e29bd7033, 0, 0 <unfinished ...>
_IO_file_xsputn@libc.so.6(0x7f703c9d6780, 0x557e29bd7033, 14, 0x7f703c9d1a00 <unfinished ...>
_IO_file_overflow@libc.so.6(0x7f703c9d6780, 0xffffffff, 3072, 0x7f703c9d1a0a <unfinished ...>
_IO_do_write@libc.so.6(0x7f703c9d6780, 0x557e2ae3d2a0, 1, 0x7f703c9d1a0a <unfinished ...>
_IO_file_write@libc.so.6(0x7f703c9d6780, 0x557e2ae3d2a0, 1, 0x7f703c9d1a0a <unfinished ...>
write@libc.so.6(1, "\n", 1)                                                     = 1
<... _IO_file_write resumed> )                                                  = 1
<... _IO_do_write resumed> )                                                    = 0
<... _IO_file_overflow resumed> )                                               = 0
_IO_default_xsputn@libc.so.6(0x7f703c9d6780, 0x557e29bd7034, 13, 1024 <unfinished ...>
_IO_file_overflow@libc.so.6(0x7f703c9d6780, 89, 3072, 0x557e29bd7034)           = 89
_IO_file_overflow@libc.so.6(0x7f703c9d6780, 111, 3072, 0x557e29bd7035)          = 111
_IO_file_overflow@libc.so.6(0x7f703c9d6780, 117, 3072, 0x557e29bd7036)          = 117
_IO_file_overflow@libc.so.6(0x7f703c9d6780, 114, 3072, 0x557e29bd7037)          = 114
_IO_file_overflow@libc.so.6(0x7f703c9d6780, 32, 3072, 0x557e29bd7038)           = 32
_IO_file_overflow@libc.so.6(0x7f703c9d6780, 99, 3072, 0x557e29bd7039)           = 99
_IO_file_overflow@libc.so.6(0x7f703c9d6780, 104, 3072, 0x557e29bd703a)          = 104
_IO_file_overflow@libc.so.6(0x7f703c9d6780, 111, 3072, 0x557e29bd703b)          = 111
_IO_file_overflow@libc.so.6(0x7f703c9d6780, 105, 3072, 0x557e29bd703c)          = 105
_IO_file_overflow@libc.so.6(0x7f703c9d6780, 99, 3072, 0x557e29bd703d)           = 99
_IO_file_overflow@libc.so.6(0x7f703c9d6780, 101, 3072, 0x557e29bd703e)          = 101
_IO_file_overflow@libc.so.6(0x7f703c9d6780, 63, 3072, 0x557e29bd703f)           = 63
_IO_file_overflow@libc.so.6(0x7f703c9d6780, 32, 3072, 0x557e29bd7040)           = 32
<... _IO_default_xsputn resumed> )                                              = 13
<... _IO_file_xsputn resumed> )                                                 = 14
<... __printf_chk resumed> )                                                    = 14
getline@libc.so.6(0x7ffd5572f748, 0x7ffd5572f750, 0x7f703c9d5aa0, 0x557e29bd7041 <unfinished ...>
getdelim@libc.so.6(0x7ffd5572f748, 0x7ffd5572f750, 10, 0x7f703c9d5aa0 <unfinished ...>
malloc@libc.so.6(120)                                                           = 0x557e2ae3d6b0
__underflow@libc.so.6(0x7f703c9d5aa0, 0, 0x557e2ae3d010, 0 <unfinished ...>
_IO_file_underflow@libc.so.6(0x7f703c9d5aa0, 0x557e2ae3d732, 0x7f703c9d1a00, 3072 <unfinished ...>
_IO_file_overflow@libc.so.6(0x7f703c9d6780, 0xffffffff, 640, 3072 <unfinished ...>
_IO_do_write@libc.so.6(0x7f703c9d6780, 0x557e2ae3d2a0, 13, 3072 <unfinished ...>
_IO_file_write@libc.so.6(0x7f703c9d6780, 0x557e2ae3d2a0, 13, 3072 <unfinished ...>
write@libc.so.6(1, "Your choice? ", 13)                                         = 13
<... _IO_file_write resumed> )                                                  = 13
<... _IO_do_write resumed> )                                                    = 0
<... _IO_file_overflow resumed> )                                               = 0
_IO_switch_to_get_mode@libc.so.6(0x7f703c9d5aa0, 0x557e2ae3d2a0, 0xffffffff, 0x7f703c8d0a37) = 0
_IO_file_read@libc.so.6(0x7f703c9d5aa0, 0x557e2ae3d730, 1024, 0x557e2ae3d730 <unfinished ...>
read@libc.so.6(0, "4\n", 1024)                                                  = 2
<... _IO_file_read resumed> )                                                   = 2
<... _IO_file_underflow resumed> )                                              = 52
<... __underflow resumed> )                                                     = 52
<... getdelim resumed> )                                                        = 2
<... getline resumed> )                                                         = 2
strtol@libc.so.6(0x557e2ae3d6b0, 0, 10, 52)                                     = 4
free@libc.so.6(0x557e2ae3d6b0)                                                  = <void>
<... choose_program resumed> )                                                  = 3
<... main resumed> )                                                            = 0
exit@libc.so.6(0 <unfinished ...>
__call_tls_dtors@libc.so.6(0, 0x7f703c9d5838, 1, 1)                             = 0
pthread_mutex_lock@libc.so.6(0x7f703ca2ca48, 0, 1, 4)                           = 0
pthread_mutex_unlock@libc.so.6(0x7f703ca2ca48, 0x7ffd5572f5d0, 32, 3)           = 0
__do_global_dtors_aux(0x7f703ca2ca48, 0x557e29bd8df0, 1, 1 <unfinished ...>
__cxa_finalize@libc.so.6(0x557e29bd9088, 0x557e29bd8df0, 1, 1)                  = 1
deregister_tm_clones(0x557e29bd9088, 0, 1, 0)                                   = 0x557e29bd90c8
<... __do_global_dtors_aux resumed> )                                           = 0x557e29bd90c8
_fini(0x557e29bd90c8, 0, 0x557e29bd8df0, 0)                                     = 0x557e29bd6444
_IO_file_setbuf@libc.so.6(0x7f703c9d6780, 0, 0, 0x7f703c7b9740 <unfinished ...>
_IO_file_sync@libc.so.6(0x7f703c9d6780, 0, 0x7f703c9d1a00, 3072)                = 0
<... _IO_file_setbuf resumed> )                                                 = 0x7f703c9d6780
_IO_file_setbuf@libc.so.6(0x7f703c9d5aa0, 0, 0, 0x7f703c7b9740 <unfinished ...>
_IO_file_sync@libc.so.6(0x7f703c9d5aa0, 0, 0x7f703c9d1a00, 3072)                = 0
<... _IO_file_setbuf resumed> )                                                 = 0x7f703c9d5aa0
_Exit@libc.so.6(0, 0, 1, 3072 <no return ...>
+++ exited (status 0) +++
