__libc_start_main@libc.so.6(0x55f9e131c3f6, 1, 0x7ffdc9f72798, 0 <unfinished ...>
__cxa_atexit@libc.so.6(0x7f16c2213040, 0, 0, 0)                                 = 0
_init(1, 0x7ffdc9f72798, 0x7ffdc9f727a8, 0x55f9e131c000)                        = 0
frame_dummy(1, 0x7ffdc9f72798, 0x7ffdc9f727a8, 0x55f9e131ede8 <unfinished ...>
register_tm_clones(1, 0x7ffdc9f72798, 0x7ffdc9f727a8, 0x55f9e131ede8)           = 0
<... frame_dummy resumed> )                                                     = 0
_dl_audit_preinit@ld-linux-x86-64.so.2(0x7f16c22482e0, 0, 0x7ffdc9f727a8, 0x55f9e131edf0) = 0
_setjmp@libc.so.6(0x7ffdc9f726b0, 1, 0x7ffdc9f72798, 0x55f9e131edf0 <unfinished ...>
__sigsetjmp@libc.so.6(0x7ffdc9f726b0, 0, 0x7ffdc9f72798, 0x55f9e131edf0)        = 0
<... _setjmp resumed> )                                                         = 0
main(1, 0x7ffdc9f72798, 0x7ffdc9f727a8, 0x55f9e131edf0 <unfinished ...>
choose_program(1, 0x7ffdc9f72798, 0x7ffdc9f727a8, 0x55f9e131edf0 <unfinished ...>
puts("\nChoose a program to run:\n" <unfinished ...>
puts@libc.so.6("\nChoose a program to run:\n" <unfinished ...>
_IO_file_xsputn@libc.so.6(0x7f16c21f1780, 0x55f9e131d010, 26, 3072 <unfinished ...>
_IO_file_overflow@libc.so.6(0x7f16c21f1780, 0xffffffff, 3072, 3072 <unfinished ...>
_IO_doallocbuf@libc.so.6(0x7f16c21f1780, 0, 3072, 3072 <unfinished ...>
_IO_file_doallocate@libc.so.6(0x7f16c21f1780, 0, 0x7f16c21eca00, 3072 <unfinished ...>
_IO_file_stat@libc.so.6(0x7f16c21f1780, 0x7ffdc9f724a0, 0x7f16c21eca00, 3072 <unfinished ...>
fstat@libc.so.6(1, 0x7ffdc9f724a0, 0x7f16c21eca00, 3072 <unfinished ...>
fstatat@libc.so.6(1, 0x7f16c21af46f, 0x7ffdc9f724a0, 4096)                      = 0
<... fstat resumed> )                                                           = 0
<... _IO_file_stat resumed> )                                                   = 0
malloc@libc.so.6(1024 <unfinished ...>
getrandom@libc.so.6(0x7f16c21f74d8, 8, 1, 0x7f16c20eaeee)                       = 8
__tunable_get_val@ld-linux-x86-64.so.2(14, 0x7ffdc9f72430, 0x7f16c2077f70, 0x7f16c21f0ce0) = 1568
__tunable_get_val@ld-linux-x86-64.so.2(3, 0x7ffdc9f72430, 0x7f16c2077fd0, 0x7f16c2245b00) = 336
__tunable_get_val@ld-linux-x86-64.so.2(27, 0x7ffdc9f72430, 0x7f16c2077f90, 0x7f16c2245b00) = 3024
__tunable_get_val@ld-linux-x86-64.so.2(2, 0x7ffdc9f72430, 0x7f16c2077f50, 0x7f16c2245b00) = 224
__tunable_get_val@ld-linux-x86-64.so.2(20, 0x7ffdc9f72430, 0x7f16c2077fb0, 0x7f16c2245b00) = 2240
__tunable_get_val@ld-linux-x86-64.so.2(26, 0x7ffdc9f72430, 0x7f16c2077cd0, 0x7f16c2245b00) = 2912
__tunable_get_val@ld-linux-x86-64.so.2(30, 0x7ffdc9f72430, 0x7f16c2077ce0, 0x7f16c2245b00) = 3360
__tunable_get_val@ld-linux-x86-64.so.2(33, 0x7ffdc9f72430, 0x7f16c2077cf0, 0x7f16c2245b00) = 3696
__tunable_get_val@ld-linux-x86-64.so.2(29, 0x7ffdc9f72430, 0x7f16c2077d30, 0x7f16c2245b00) = 3248
__tunable_get_val@ld-linux-x86-64.so.2(22, 0x7ffdc9f72430, 0x7f16c2077d50, 0x7f16c2245b00) = 2464
__tunable_get_val@ld-linux-x86-64.so.2(11, 0x7ffdc9f72430, 0x7f16c2077ec0, 0x7f16c2245b00) = 1232
__tunable_get_val@ld-linux-x86-64.so.2(9, 0x7ffdc9f72430, 0x7f16c2078080, 0x7f16c2245b00) = 1008
__default_morecore@libc.so.6(0x21000, 0x7f16c21f0c80, 0, 688 <unfinished ...>
sbrk@libc.so.6(135168 <unfinished ...>
brk@libc.so.6(0, 0x7f16c21f0c80, 0, 688)                                        = 0
brk@libc.so.6(0x55f9e1ce1000, 0x7f16c21f0c80, 0x7f16c21f8218, 0x7f16c20f19db)   = 0
<... sbrk resumed> )                                                            = 0x55f9e1cc0000
<... __default_morecore resumed> )                                              = 0x55f9e1cc0000
__default_morecore@libc.so.6(0, 0xffffaa061e31f000, 0x55f9e1ce1000, 0 <unfinished ...>
sbrk@libc.so.6(0)                                                               = 0x55f9e1ce1000
<... __default_morecore resumed> )                                              = 0x55f9e1ce1000
<... malloc resumed> )                                                          = 0x55f9e1cc02a0
_IO_setb@libc.so.6(0x7f16c21f1780, 0x55f9e1cc02a0, 0x55f9e1cc06a0, 1)           = 0xfbad2284
<... _IO_file_doallocate resumed> )                                             = 1
<... _IO_doallocbuf resumed> )                                                  = 1
_IO_do_write@libc.so.6(0x7f16c21f1780, 0x55f9e1cc02a0, 0, 0xffffffff)           = 0
<... _IO_file_overflow resumed> )                                               = 0
_IO_default_xsputn@libc.so.6(0x7f16c21f1780, 0x55f9e131d010, 26, 1024 <unfinished ...>
_IO_file_overflow@libc.so.6(0x7f16c21f1780, 10, 3072, 0x55f9e131d010 <unfinished ...>
_IO_do_write@libc.so.6(0x7f16c21f1780, 0x55f9e1cc02a0, 1, 0x55f9e131d010 <unfinished ...>
_IO_file_write@libc.so.6(0x7f16c21f1780, 0x55f9e1cc02a0, 1, 0x55f9e131d010 <unfinished ...>
write@libc.so.6(1, "\n", 1)                                                     = 1
<... _IO_file_write resumed> )                                                  = 1
<... _IO_do_write resumed> )                                                    = 0
<... _IO_file_overflow resumed> )                                               = 10
_IO_file_overflow@libc.so.6(0x7f16c21f1780, 67, 3072, 0x55f9e131d011)           = 67
_IO_file_overflow@libc.so.6(0x7f16c21f1780, 104, 3072, 0x55f9e131d012)          = 104
_IO_file_overflow@libc.so.6(0x7f16c21f1780, 111, 3072, 0x55f9e131d013)          = 111
_IO_file_overflow@libc.so.6(0x7f16c21f1780, 111, 3072, 0x55f9e131d014)          = 111
_IO_file_overflow@libc.so.6(0x7f16c21f1780, 115, 3072, 0x55f9e131d015)          = 115
_IO_file_overflow@libc.so.6(0x7f16c21f1780, 101, 3072, 0x55f9e131d016)          = 101
_IO_file_overflow@libc.so.6(0x7f16c21f1780, 32, 3072, 0x55f9e131d017)           = 32
_IO_file_overflow@libc.so.6(0x7f16c21f1780, 97, 3072, 0x55f9e131d018)           = 97
_IO_file_overflow@libc.so.6(0x7f16c21f1780, 32, 3072, 0x55f9e131d019)           = 32
_IO_file_overflow@libc.so.6(0x7f16c21f1780, 112, 3072, 0x55f9e131d01a)          = 112
_IO_file_overflow@libc.so.6(0x7f16c21f1780, 114, 3072, 0x55f9e131d01b)          = 114
_IO_file_overflow@libc.so.6(0x7f16c21f1780, 111, 3072, 0x55f9e131d01c)          = 111
_IO_file_overflow@libc.so.6(0x7f16c21f1780, 103, 3072, 0x55f9e131d01d)          = 103
_IO_file_overflow@libc.so.6(0x7f16c21f1780, 114, 3072, 0x55f9e131d01e)          = 114
_IO_file_overflow@libc.so.6(0x7f16c21f1780, 97, 3072, 0x55f9e131d01f)           = 97
_IO_file_overflow@libc.so.6(0x7f16c21f1780, 109, 3072, 0x55f9e131d020)          = 109
_IO_file_overflow@libc.so.6(0x7f16c21f1780, 32, 3072, 0x55f9e131d021)           = 32
_IO_file_overflow@libc.so.6(0x7f16c21f1780, 116, 3072, 0x55f9e131d022)          = 116
_IO_file_overflow@libc.so.6(0x7f16c21f1780, 111, 3072, 0x55f9e131d023)          = 111
_IO_file_overflow@libc.so.6(0x7f16c21f1780, 32, 3072, 0x55f9e131d024)           = 32
_IO_file_overflow@libc.so.6(0x7f16c21f1780, 114, 3072, 0x55f9e131d025)          = 114
_IO_file_overflow@libc.so.6(0x7f16c21f1780, 117, 3072, 0x55f9e131d026)          = 117
_IO_file_overflow@libc.so.6(0x7f16c21f1780, 110, 3072, 0x55f9e131d027)          = 110
_IO_file_overflow@libc.so.6(0x7f16c21f1780, 58, 3072, 0x55f9e131d028)           = 58
_IO_file_overflow@libc.so.6(0x7f16c21f1780, 10, 3072, 0x55f9e131d029 <unfinished ...>
_IO_do_write@libc.so.6(0x7f16c21f1780, 0x55f9e1cc02a0, 25, 0x55f9e131d029 <unfinished ...>
_IO_file_write@libc.so.6(0x7f16c21f1780, 0x55f9e1cc02a0, 25, 0x55f9e131d029 <unfinished ...>
write@libc.so.6(1, "Choose a program to run:\n", 25)                            = 25
<... _IO_file_write resumed> )                                                  = 25
<... _IO_do_write resumed> )                                                    = 0
<... _IO_file_overflow resumed> )                                               = 10
<... _IO_default_xsputn resumed> )                                              = 26
<... _IO_file_xsputn resumed> )                                                 = 26
__overflow@libc.so.6(0x7f16c21f1780, 10, 0xffffffff, 0x55f9e131d02a <unfinished ...>
_IO_file_overflow@libc.so.6(0x7f16c21f1780, 10, 0x7f16c21eca00, 3072 <unfinished ...>
_IO_do_write@libc.so.6(0x7f16c21f1780, 0x55f9e1cc02a0, 1, 3072 <unfinished ...>
_IO_file_write@libc.so.6(0x7f16c21f1780, 0x55f9e1cc02a0, 1, 3072 <unfinished ...>
write@libc.so.6(1, "\n", 1)                                                     = 1
<... _IO_file_write resumed> )                                                  = 1
<... _IO_do_write resumed> )                                                    = 0
<... _IO_file_overflow resumed> )                                               = 10
<... __overflow resumed> )                                                      = 10
<... puts resumed> )                                                            = 27
<... puts resumed> )                                                            = 27
__printf_chk(1, 0x55f9e131d02b, 1, 0x55f9e131d042 <unfinished ...>
__printf_chk@libc.so.6(1, 0x55f9e131d02b, 1, 0x55f9e131d042 <unfinished ...>
_IO_file_xsputn@libc.so.6(0x7f16c21f1780, 0x55f9e131d02b, 0, 0x7f16c21eca00)    = 0
_IO_file_xsputn@libc.so.6(0x7f16c21f1780, 0x7ffdc9f72507, 1, 0)                 = 1
_IO_file_xsputn@libc.so.6(0x7f16c21f1780, 0x55f9e131d02d, 2, 1)                 = 2
_IO_file_xsputn@libc.so.6(0x7f16c21f1780, 0x55f9e131d042, 11, 1)                = 11
_IO_file_xsputn@libc.so.6(0x7f16c21f1780, 0x55f9e131d031, 1, 1 <unfinished ...>
_IO_file_overflow@libc.so.6(0x7f16c21f1780, 0xffffffff, 3072, 10 <unfinished ...>
_IO_do_write@libc.so.6(0x7f16c21f1780, 0x55f9e1cc02a0, 15, 10 <unfinished ...>
_IO_file_write@libc.so.6(0x7f16c21f1780, 0x55f9e1cc02a0, 15, 10 <unfinished ...>
write@libc.so.6(1, "1. /usr/bin/ls\n", 15)                                      = 15
<... _IO_file_write resumed> )                                                  = 15
<... _IO_do_write resumed> )                                                    = 0
<... _IO_file_overflow resumed> )                                               = 0
<... _IO_file_xsputn resumed> )                                                 = 1
<... __printf_chk resumed> )                                                    = 15
<... __printf_chk resumed> )                                                    = 15
__printf_chk@libc.so.6(1, 0x55f9e131d02b, 2, 0x55f9e131d04e <unfinished ...>
_IO_file_xsputn@libc.so.6(0x7f16c21f1780, 0x55f9e131d02b, 0, 0x7f16c21eca00)    = 0
_IO_file_xsputn@libc.so.6(0x7f16c21f1780, 0x7ffdc9f72507, 1, 0)                 = 1
_IO_file_xsputn@libc.so.6(0x7f16c21f1780, 0x55f9e131d02d, 2, 1)                 = 2
_IO_file_xsputn@libc.so.6(0x7f16c21f1780, 0x55f9e131d04e, 15, 1)                = 15
_IO_file_xsputn@libc.so.6(0x7f16c21f1780, 0x55f9e131d031, 1, 1 <unfinished ...>
_IO_file_overflow@libc.so.6(0x7f16c21f1780, 0xffffffff, 3072, 10 <unfinished ...>
_IO_do_write@libc.so.6(0x7f16c21f1780, 0x55f9e1cc02a0, 19, 10 <unfinished ...>
_IO_file_write@libc.so.6(0x7f16c21f1780, 0x55f9e1cc02a0, 19, 10 <unfinished ...>
write@libc.so.6(1, "2. /usr/bin/whoami\n", 19)                                  = 19
<... _IO_file_write resumed> )                                                  = 19
<... _IO_do_write resumed> )                                                    = 0
<... _IO_file_overflow resumed> )                                               = 0
<... _IO_file_xsputn resumed> )                                                 = 1
<... __printf_chk resumed> )                                                    = 19
__printf_chk@libc.so.6(1, 0x55f9e131d02b, 3, 0x55f9e131d05e <unfinished ...>
_IO_file_xsputn@libc.so.6(0x7f16c21f1780, 0x55f9e131d02b, 0, 0x7f16c21eca00)    = 0
_IO_file_xsputn@libc.so.6(0x7f16c21f1780, 0x7ffdc9f72507, 1, 0)                 = 1
_IO_file_xsputn@libc.so.6(0x7f16c21f1780, 0x55f9e131d02d, 2, 1)                 = 2
_IO_file_xsputn@libc.so.6(0x7f16c21f1780, 0x55f9e131d05e, 12, 1)                = 12
_IO_file_xsputn@libc.so.6(0x7f16c21f1780, 0x55f9e131d031, 1, 1 <unfinished ...>
_IO_file_overflow@libc.so.6(0x7f16c21f1780, 0xffffffff, 3072, 10 <unfinished ...>
_IO_do_write@libc.so.6(0x7f16c21f1780, 0x55f9e1cc02a0, 16, 10 <unfinished ...>
_IO_file_write@libc.so.6(0x7f16c21f1780, 0x55f9e1cc02a0, 16, 10 <unfinished ...>
write@libc.so.6(1, "3. /usr/bin/top\n", 16)                                     = 16
<... _IO_file_write resumed> )                                                  = 16
<... _IO_do_write resumed> )                                                    = 0
<... _IO_file_overflow resumed> )                                               = 0
<... _IO_file_xsputn resumed> )                                                 = 1
<... __printf_chk resumed> )                                                    = 16
__printf_chk@libc.so.6(1, 0x55f9e131d02b, 4, 0x55f9e131d06b <unfinished ...>
_IO_file_xsputn@libc.so.6(0x7f16c21f1780, 0x55f9e131d02b, 0, 0x7f16c21eca00)    = 0
_IO_file_xsputn@libc.so.6(0x7f16c21f1780, 0x7ffdc9f72507, 1, 0)                 = 1
_IO_file_xsputn@libc.so.6(0x7f16c21f1780, 0x55f9e131d02d, 2, 1)                 = 2
_IO_file_xsputn@libc.so.6(0x7f16c21f1780, 0x55f9e131d06b, 4, 1)                 = 4
_IO_file_xsputn@libc.so.6(0x7f16c21f1780, 0x55f9e131d031, 1, 1 <unfinished ...>
_IO_file_overflow@libc.so.6(0x7f16c21f1780, 0xffffffff, 3072, 10 <unfinished ...>
_IO_do_write@libc.so.6(0x7f16c21f1780, 0x55f9e1cc02a0, 8, 10 <unfinished ...>
_IO_file_write@libc.so.6(0x7f16c21f1780, 0x55f9e1cc02a0, 8, 10 <unfinished ...>
write@libc.so.6(1, "4. QUIT\n", 8)                                              = 8
<... _IO_file_write resumed> )                                                  = 8
<... _IO_do_write resumed> )                                                    = 0
<... _IO_file_overflow resumed> )                                               = 0
<... _IO_file_xsputn resumed> )                                                 = 1
<... __printf_chk resumed> )                                                    = 8
__printf_chk@libc.so.6(1, 0x55f9e131d033, 0, 0 <unfinished ...>
_IO_file_xsputn@libc.so.6(0x7f16c21f1780, 0x55f9e131d033, 14, 0x7f16c21eca00 <unfinished ...>
_IO_file_overflow@libc.so.6(0x7f16c21f1780, 0xffffffff, 3072, 0x7f16c21eca0a <unfinished ...>
_IO_do_write@libc.so.6(0x7f16c21f1780, 0x55f9e1cc02a0, 1, 0x7f16c21eca0a <unfinished ...>
_IO_file_write@libc.so.6(0x7f16c21f1780, 0x55f9e1cc02a0, 1, 0x7f16c21eca0a <unfinished ...>
write@libc.so.6(1, "\n", 1)                                                     = 1
<... _IO_file_write resumed> )                                                  = 1
<... _IO_do_write resumed> )                                                    = 0
<... _IO_file_overflow resumed> )                                               = 0
_IO_default_xsputn@libc.so.6(0x7f16c21f1780, 0x55f9e131d034, 13, 1024 <unfinished ...>
_IO_file_overflow@libc.so.6(0x7f16c21f1780, 89, 3072, 0x55f9e131d034)           = 89
_IO_file_overflow@libc.so.6(0x7f16c21f1780, 111, 3072, 0x55f9e131d035)          = 111
_IO_file_overflow@libc.so.6(0x7f16c21f1780, 117, 3072, 0x55f9e131d036)          = 117
_IO_file_overflow@libc.so.6(0x7f16c21f1780, 114, 3072, 0x55f9e131d037)          = 114
_IO_file_overflow@libc.so.6(0x7f16c21f1780, 32, 3072, 0x55f9e131d038)           = 32
_IO_file_overflow@libc.so.6(0x7f16c21f1780, 99, 3072, 0x55f9e131d039)           = 99
_IO_file_overflow@libc.so.6(0x7f16c21f1780, 104, 3072, 0x55f9e131d03a)          = 104
_IO_file_overflow@libc.so.6(0x7f16c21f1780, 111, 3072, 0x55f9e131d03b)          = 111
_IO_file_overflow@libc.so.6(0x7f16c21f1780, 105, 3072, 0x55f9e131d03c)          = 105
_IO_file_overflow@libc.so.6(0x7f16c21f1780, 99, 3072, 0x55f9e131d03d)           = 99
_IO_file_overflow@libc.so.6(0x7f16c21f1780, 101, 3072, 0x55f9e131d03e)          = 101
_IO_file_overflow@libc.so.6(0x7f16c21f1780, 63, 3072, 0x55f9e131d03f)           = 63
_IO_file_overflow@libc.so.6(0x7f16c21f1780, 32, 3072, 0x55f9e131d040)           = 32
<... _IO_default_xsputn resumed> )                                              = 13
<... _IO_file_xsputn resumed> )                                                 = 14
<... __printf_chk resumed> )                                                    = 14
getline(0x7ffdc9f72638, 0x7ffdc9f72640, 0x7f16c21f0aa0, 0x55f9e131d041 <unfinished ...>
getline@libc.so.6(0x7ffdc9f72638, 0x7ffdc9f72640, 0x7f16c21f0aa0, 0x55f9e131d041 <unfinished ...>
getdelim@libc.so.6(0x7ffdc9f72638, 0x7ffdc9f72640, 10, 0x7f16c21f0aa0 <unfinished ...>
malloc@libc.so.6(120)                                                           = 0x55f9e1cc06b0
__underflow@libc.so.6(0x7f16c21f0aa0, 0x55f9e1cc0720, 0, 129 <unfinished ...>
_IO_file_underflow@libc.so.6(0x7f16c21f0aa0, 0, 0x7f16c21eca00, 3072 <unfinished ...>
_IO_doallocbuf@libc.so.6(0x7f16c21f0aa0, 0, 0, 3072 <unfinished ...>
_IO_file_doallocate@libc.so.6(0x7f16c21f0aa0, 0, 0x7f16c21eca00, 3072 <unfinished ...>
_IO_file_stat@libc.so.6(0x7f16c21f0aa0, 0x7ffdc9f724a0, 0x7f16c21eca00, 3072 <unfinished ...>
fstat@libc.so.6(0, 0x7ffdc9f724a0, 0x7f16c21eca00, 3072 <unfinished ...>
fstatat@libc.so.6(0, 0x7f16c21af46f, 0x7ffdc9f724a0, 4096)                      = 0
<... fstat resumed> )                                                           = 0
<... _IO_file_stat resumed> )                                                   = 0
malloc@libc.so.6(1024)                                                          = 0x55f9e1cc0730
_IO_setb@libc.so.6(0x7f16c21f0aa0, 0x55f9e1cc0730, 0x55f9e1cc0b30, 1)           = 0xfbad2288
<... _IO_file_doallocate resumed> )                                             = 1
<... _IO_doallocbuf resumed> )                                                  = 1
_IO_file_overflow@libc.so.6(0x7f16c21f1780, 0xffffffff, 640, 1 <unfinished ...>
_IO_do_write@libc.so.6(0x7f16c21f1780, 0x55f9e1cc02a0, 13, 1 <unfinished ...>
_IO_file_write@libc.so.6(0x7f16c21f1780, 0x55f9e1cc02a0, 13, 1 <unfinished ...>
write@libc.so.6(1, "Your choice? ", 13)                                         = 13
<... _IO_file_write resumed> )                                                  = 13
<... _IO_do_write resumed> )                                                    = 0
<... _IO_file_overflow resumed> )                                               = 0
_IO_switch_to_get_mode@libc.so.6(0x7f16c21f0aa0, 0x55f9e1cc02a0, 0xffffffff, 0x7f16c20eba37) = 0
_IO_file_read@libc.so.6(0x7f16c21f0aa0, 0x55f9e1cc0730, 1024, 0x55f9e1cc0730 <unfinished ...>
read@libc.so.6(0, "1\n", 1024)                                                  = 2
<... _IO_file_read resumed> )                                                   = 2
<... _IO_file_underflow resumed> )                                              = 49
<... __underflow resumed> )                                                     = 49
<... getdelim resumed> )                                                        = 2
<... getline resumed> )                                                         = 2
<... getline resumed> )                                                         = 2
strtol(0x55f9e1cc06b0, 0, 10, 49 <unfinished ...>
strtol@libc.so.6(0x55f9e1cc06b0, 0, 10, 49)                                     = 1
<... strtol resumed> )                                                          = 1
free(0x55f9e1cc06b0 <unfinished ...>
free@libc.so.6(0x55f9e1cc06b0)                                                  = <void>
<... free resumed> )                                                            = <void>
<... choose_program resumed> )                                                  = 0
run_program(0, 0x55f9e1cc0010, 0, 6 <unfinished ...>
__printf_chk@libc.so.6(1, 0x55f9e131d004, 0x55f9e131d042, 6 <unfinished ...>
_IO_file_xsputn@libc.so.6(0x7f16c21f1780, 0x55f9e131d004, 8, 0x7f16c21eca00)    = 8
_IO_file_xsputn@libc.so.6(0x7f16c21f1780, 0x55f9e131d042, 11, 0x20676e696e6e7552) = 11
_IO_file_xsputn@libc.so.6(0x7f16c21f1780, 0x55f9e131d00e, 1, 1 <unfinished ...>
_IO_file_overflow@libc.so.6(0x7f16c21f1780, 0xffffffff, 3072, 10 <unfinished ...>
_IO_do_write@libc.so.6(0x7f16c21f1780, 0x55f9e1cc02a0, 20, 10 <unfinished ...>
_IO_file_write@libc.so.6(0x7f16c21f1780, 0x55f9e1cc02a0, 20, 10 <unfinished ...>
write@libc.so.6(1, "Running /usr/bin/ls\n", 20)                                 = 20
<... _IO_file_write resumed> )                                                  = 20
<... _IO_do_write resumed> )                                                    = 0
<... _IO_file_overflow resumed> )                                               = 0
<... _IO_file_xsputn resumed> )                                                 = 1
<... __printf_chk resumed> )                                                    = 20
wait(0x7ffdc9f72664 <unfinished ...>
wait@libc.so.6(0x7ffdc9f72664 <unfinished ...>
waitpid@libc.so.6(-1, 0x7ffdc9f72664, 0 <unfinished ...>
wait4@libc.so.6(0xffffffff, 0x7ffdc9f72664, 0, 0 <no return ...>
--- SIGCHLD (Child exited) ---
<... wait4 resumed> )                                                           = 0x151bf
<... waitpid resumed> )                                                         = 86463
<... wait resumed> )                                                            = 86463
<... wait resumed> )                                                            = 86463
<... run_program resumed> )                                                     = 0
choose_program(0xffffffff, 0x7ffdc9f72664, 0, 0x7f16c20c145a <unfinished ...>
puts@libc.so.6("\nChoose a program to run:\n" <unfinished ...>
_IO_file_xsputn@libc.so.6(0x7f16c21f1780, 0x55f9e131d010, 26, 3072 <unfinished ...>
_IO_file_overflow@libc.so.6(0x7f16c21f1780, 0xffffffff, 3072, 3072 <unfinished ...>
_IO_do_write@libc.so.6(0x7f16c21f1780, 0x55f9e1cc02a0, 26, 3072 <unfinished ...>
_IO_file_write@libc.so.6(0x7f16c21f1780, 0x55f9e1cc02a0, 26, 3072 <unfinished ...>
write@libc.so.6(1, "\nChoose a program to run:\n", 26)                          = 26
<... _IO_file_write resumed> )                                                  = 26
<... _IO_do_write resumed> )                                                    = 0
<... _IO_file_overflow resumed> )                                               = 0
<... _IO_file_xsputn resumed> )                                                 = 26
__overflow@libc.so.6(0x7f16c21f1780, 10, 0, 1024 <unfinished ...>
_IO_file_overflow@libc.so.6(0x7f16c21f1780, 10, 0x7f16c21eca00, 3072 <unfinished ...>
_IO_do_write@libc.so.6(0x7f16c21f1780, 0x55f9e1cc02a0, 1, 3072 <unfinished ...>
_IO_file_write@libc.so.6(0x7f16c21f1780, 0x55f9e1cc02a0, 1, 3072 <unfinished ...>
write@libc.so.6(1, "\n", 1)                                                     = 1
<... _IO_file_write resumed> )                                                  = 1
<... _IO_do_write resumed> )                                                    = 0
<... _IO_file_overflow resumed> )                                               = 10
<... __overflow resumed> )                                                      = 10
<... puts resumed> )                                                            = 27
__printf_chk@libc.so.6(1, 0x55f9e131d02b, 1, 0x55f9e131d042 <unfinished ...>
_IO_file_xsputn@libc.so.6(0x7f16c21f1780, 0x55f9e131d02b, 0, 0x7f16c21eca00)    = 0
_IO_file_xsputn@libc.so.6(0x7f16c21f1780, 0x7ffdc9f72507, 1, 0)                 = 1
_IO_file_xsputn@libc.so.6(0x7f16c21f1780, 0x55f9e131d02d, 2, 1)                 = 2
_IO_file_xsputn@libc.so.6(0x7f16c21f1780, 0x55f9e131d042, 11, 1)                = 11
_IO_file_xsputn@libc.so.6(0x7f16c21f1780, 0x55f9e131d031, 1, 1 <unfinished ...>
_IO_file_overflow@libc.so.6(0x7f16c21f1780, 0xffffffff, 3072, 10 <unfinished ...>
_IO_do_write@libc.so.6(0x7f16c21f1780, 0x55f9e1cc02a0, 15, 10 <unfinished ...>
_IO_file_write@libc.so.6(0x7f16c21f1780, 0x55f9e1cc02a0, 15, 10 <unfinished ...>
write@libc.so.6(1, "1. /usr/bin/ls\n", 15)                                      = 15
<... _IO_file_write resumed> )                                                  = 15
<... _IO_do_write resumed> )                                                    = 0
<... _IO_file_overflow resumed> )                                               = 0
<... _IO_file_xsputn resumed> )                                                 = 1
<... __printf_chk resumed> )                                                    = 15
__printf_chk@libc.so.6(1, 0x55f9e131d02b, 2, 0x55f9e131d04e <unfinished ...>
_IO_file_xsputn@libc.so.6(0x7f16c21f1780, 0x55f9e131d02b, 0, 0x7f16c21eca00)    = 0
_IO_file_xsputn@libc.so.6(0x7f16c21f1780, 0x7ffdc9f72507, 1, 0)                 = 1
_IO_file_xsputn@libc.so.6(0x7f16c21f1780, 0x55f9e131d02d, 2, 1)                 = 2
_IO_file_xsputn@libc.so.6(0x7f16c21f1780, 0x55f9e131d04e, 15, 1)                = 15
_IO_file_xsputn@libc.so.6(0x7f16c21f1780, 0x55f9e131d031, 1, 1 <unfinished ...>
_IO_file_overflow@libc.so.6(0x7f16c21f1780, 0xffffffff, 3072, 10 <unfinished ...>
_IO_do_write@libc.so.6(0x7f16c21f1780, 0x55f9e1cc02a0, 19, 10 <unfinished ...>
_IO_file_write@libc.so.6(0x7f16c21f1780, 0x55f9e1cc02a0, 19, 10 <unfinished ...>
write@libc.so.6(1, "2. /usr/bin/whoami\n", 19)                                  = 19
<... _IO_file_write resumed> )                                                  = 19
<... _IO_do_write resumed> )                                                    = 0
<... _IO_file_overflow resumed> )                                               = 0
<... _IO_file_xsputn resumed> )                                                 = 1
<... __printf_chk resumed> )                                                    = 19
__printf_chk@libc.so.6(1, 0x55f9e131d02b, 3, 0x55f9e131d05e <unfinished ...>
_IO_file_xsputn@libc.so.6(0x7f16c21f1780, 0x55f9e131d02b, 0, 0x7f16c21eca00)    = 0
_IO_file_xsputn@libc.so.6(0x7f16c21f1780, 0x7ffdc9f72507, 1, 0)                 = 1
_IO_file_xsputn@libc.so.6(0x7f16c21f1780, 0x55f9e131d02d, 2, 1)                 = 2
_IO_file_xsputn@libc.so.6(0x7f16c21f1780, 0x55f9e131d05e, 12, 1)                = 12
_IO_file_xsputn@libc.so.6(0x7f16c21f1780, 0x55f9e131d031, 1, 1 <unfinished ...>
_IO_file_overflow@libc.so.6(0x7f16c21f1780, 0xffffffff, 3072, 10 <unfinished ...>
_IO_do_write@libc.so.6(0x7f16c21f1780, 0x55f9e1cc02a0, 16, 10 <unfinished ...>
_IO_file_write@libc.so.6(0x7f16c21f1780, 0x55f9e1cc02a0, 16, 10 <unfinished ...>
write@libc.so.6(1, "3. /usr/bin/top\n", 16)                                     = 16
<... _IO_file_write resumed> )                                                  = 16
<... _IO_do_write resumed> )                                                    = 0
<... _IO_file_overflow resumed> )                                               = 0
<... _IO_file_xsputn resumed> )                                                 = 1
<... __printf_chk resumed> )                                                    = 16
__printf_chk@libc.so.6(1, 0x55f9e131d02b, 4, 0x55f9e131d06b <unfinished ...>
_IO_file_xsputn@libc.so.6(0x7f16c21f1780, 0x55f9e131d02b, 0, 0x7f16c21eca00)    = 0
_IO_file_xsputn@libc.so.6(0x7f16c21f1780, 0x7ffdc9f72507, 1, 0)                 = 1
_IO_file_xsputn@libc.so.6(0x7f16c21f1780, 0x55f9e131d02d, 2, 1)                 = 2
_IO_file_xsputn@libc.so.6(0x7f16c21f1780, 0x55f9e131d06b, 4, 1)                 = 4
_IO_file_xsputn@libc.so.6(0x7f16c21f1780, 0x55f9e131d031, 1, 1 <unfinished ...>
_IO_file_overflow@libc.so.6(0x7f16c21f1780, 0xffffffff, 3072, 10 <unfinished ...>
_IO_do_write@libc.so.6(0x7f16c21f1780, 0x55f9e1cc02a0, 8, 10 <unfinished ...>
_IO_file_write@libc.so.6(0x7f16c21f1780, 0x55f9e1cc02a0, 8, 10 <unfinished ...>
write@libc.so.6(1, "4. QUIT\n", 8)                                              = 8
<... _IO_file_write resumed> )                                                  = 8
<... _IO_do_write resumed> )                                                    = 0
<... _IO_file_overflow resumed> )                                               = 0
<... _IO_file_xsputn resumed> )                                                 = 1
<... __printf_chk resumed> )                                                    = 8
__printf_chk@libc.so.6(1, 0x55f9e131d033, 0, 0 <unfinished ...>
_IO_file_xsputn@libc.so.6(0x7f16c21f1780, 0x55f9e131d033, 14, 0x7f16c21eca00 <unfinished ...>
_IO_file_overflow@libc.so.6(0x7f16c21f1780, 0xffffffff, 3072, 0x7f16c21eca0a <unfinished ...>
_IO_do_write@libc.so.6(0x7f16c21f1780, 0x55f9e1cc02a0, 1, 0x7f16c21eca0a <unfinished ...>
_IO_file_write@libc.so.6(0x7f16c21f1780, 0x55f9e1cc02a0, 1, 0x7f16c21eca0a <unfinished ...>
write@libc.so.6(1, "\n", 1)                                                     = 1
<... _IO_file_write resumed> )                                                  = 1
<... _IO_do_write resumed> )                                                    = 0
<... _IO_file_overflow resumed> )                                               = 0
_IO_default_xsputn@libc.so.6(0x7f16c21f1780, 0x55f9e131d034, 13, 1024 <unfinished ...>
_IO_file_overflow@libc.so.6(0x7f16c21f1780, 89, 3072, 0x55f9e131d034)           = 89
_IO_file_overflow@libc.so.6(0x7f16c21f1780, 111, 3072, 0x55f9e131d035)          = 111
_IO_file_overflow@libc.so.6(0x7f16c21f1780, 117, 3072, 0x55f9e131d036)          = 117
_IO_file_overflow@libc.so.6(0x7f16c21f1780, 114, 3072, 0x55f9e131d037)          = 114
_IO_file_overflow@libc.so.6(0x7f16c21f1780, 32, 3072, 0x55f9e131d038)           = 32
_IO_file_overflow@libc.so.6(0x7f16c21f1780, 99, 3072, 0x55f9e131d039)           = 99
_IO_file_overflow@libc.so.6(0x7f16c21f1780, 104, 3072, 0x55f9e131d03a)          = 104
_IO_file_overflow@libc.so.6(0x7f16c21f1780, 111, 3072, 0x55f9e131d03b)          = 111
_IO_file_overflow@libc.so.6(0x7f16c21f1780, 105, 3072, 0x55f9e131d03c)          = 105
_IO_file_overflow@libc.so.6(0x7f16c21f1780, 99, 3072, 0x55f9e131d03d)           = 99
_IO_file_overflow@libc.so.6(0x7f16c21f1780, 101, 3072, 0x55f9e131d03e)          = 101
_IO_file_overflow@libc.so.6(0x7f16c21f1780, 63, 3072, 0x55f9e131d03f)           = 63
_IO_file_overflow@libc.so.6(0x7f16c21f1780, 32, 3072, 0x55f9e131d040)           = 32
<... _IO_default_xsputn resumed> )                                              = 13
<... _IO_file_xsputn resumed> )                                                 = 14
<... __printf_chk resumed> )                                                    = 14
getline@libc.so.6(0x7ffdc9f72638, 0x7ffdc9f72640, 0x7f16c21f0aa0, 0x55f9e131d041 <unfinished ...>
getdelim@libc.so.6(0x7ffdc9f72638, 0x7ffdc9f72640, 10, 0x7f16c21f0aa0 <unfinished ...>
malloc@libc.so.6(120)                                                           = 0x55f9e1cc06b0
__underflow@libc.so.6(0x7f16c21f0aa0, 0, 0x55f9e1cc0010, 0 <unfinished ...>
_IO_file_underflow@libc.so.6(0x7f16c21f0aa0, 0x55f9e1cc0732, 0x7f16c21eca00, 3072 <unfinished ...>
_IO_file_overflow@libc.so.6(0x7f16c21f1780, 0xffffffff, 640, 3072 <unfinished ...>
_IO_do_write@libc.so.6(0x7f16c21f1780, 0x55f9e1cc02a0, 13, 3072 <unfinished ...>
_IO_file_write@libc.so.6(0x7f16c21f1780, 0x55f9e1cc02a0, 13, 3072 <unfinished ...>
write@libc.so.6(1, "Your choice? ", 13)                                         = 13
<... _IO_file_write resumed> )                                                  = 13
<... _IO_do_write resumed> )                                                    = 0
<... _IO_file_overflow resumed> )                                               = 0
_IO_switch_to_get_mode@libc.so.6(0x7f16c21f0aa0, 0x55f9e1cc02a0, 0xffffffff, 0x7f16c20eba37) = 0
_IO_file_read@libc.so.6(0x7f16c21f0aa0, 0x55f9e1cc0730, 1024, 0x55f9e1cc0730 <unfinished ...>
read@libc.so.6(0, "4\n", 1024)                                                  = 2
<... _IO_file_read resumed> )                                                   = 2
<... _IO_file_underflow resumed> )                                              = 52
<... __underflow resumed> )                                                     = 52
<... getdelim resumed> )                                                        = 2
<... getline resumed> )                                                         = 2
strtol@libc.so.6(0x55f9e1cc06b0, 0, 10, 52)                                     = 4
free@libc.so.6(0x55f9e1cc06b0)                                                  = <void>
<... choose_program resumed> )                                                  = 3
<... main resumed> )                                                            = 0
exit@libc.so.6(0 <unfinished ...>
__call_tls_dtors@libc.so.6(0, 0x7f16c21f0838, 1, 1)                             = 0
pthread_mutex_lock@libc.so.6(0x7f16c2247a48, 0, 1, 4)                           = 0
pthread_mutex_unlock@libc.so.6(0x7f16c2247a48, 0x7ffdc9f724c0, 32, 3)           = 0
__do_global_dtors_aux(0x7f16c2247a48, 0x55f9e131edf0, 1, 1 <unfinished ...>
__cxa_finalize@libc.so.6(0x55f9e131f068, 0x55f9e131edf0, 1, 1)                  = 1
deregister_tm_clones(0x55f9e131f068, 0, 1, 0)                                   = 0x55f9e131f0a8
<... __do_global_dtors_aux resumed> )                                           = 0x55f9e131f0a8
_fini(0x55f9e131f0a8, 0, 0x55f9e131edf0, 0)                                     = 0x55f9e131c424
_IO_file_setbuf@libc.so.6(0x7f16c21f1780, 0, 0, 0x7f16c1fd4740 <unfinished ...>
_IO_file_sync@libc.so.6(0x7f16c21f1780, 0, 0x7f16c21eca00, 3072)                = 0
<... _IO_file_setbuf resumed> )                                                 = 0x7f16c21f1780
_IO_file_setbuf@libc.so.6(0x7f16c21f0aa0, 0, 0, 0x7f16c1fd4740 <unfinished ...>
_IO_file_sync@libc.so.6(0x7f16c21f0aa0, 0, 0x7f16c21eca00, 3072)                = 0
<... _IO_file_setbuf resumed> )                                                 = 0x7f16c21f0aa0
_Exit@libc.so.6(0, 0, 1, 3072 <no return ...>
+++ exited (status 0) +++
