execve("./3000menu", ["./3000menu"], 0x7ffce5e1c190 /* 33 vars */) = 0
brk(NULL)                               = 0x55d2a1273000
arch_prctl(0x3001 /* ARCH_??? */, 0x7ffd4e042be0) = -1 EINVAL (Invalid argument)
mmap(NULL, 8192, PROT_READ|PROT_WRITE, MAP_PRIVATE|MAP_ANONYMOUS, -1, 0) = 0x7fa80adbe000
access("/etc/ld.so.preload", R_OK)      = -1 ENOENT (No such file or directory)
openat(AT_FDCWD, "/etc/ld.so.cache", O_RDONLY|O_CLOEXEC) = 3
newfstatat(3, "", {st_mode=S_IFREG|0644, st_size=45099, ...}, AT_EMPTY_PATH) = 0
mmap(NULL, 45099, PROT_READ, MAP_PRIVATE, 3, 0) = 0x7fa80adb2000
close(3)                                = 0
openat(AT_FDCWD, "/lib/x86_64-linux-gnu/libc.so.6", O_RDONLY|O_CLOEXEC) = 3
read(3, "\177ELF\2\1\1\3\0\0\0\0\0\0\0\0\3\0>\0\1\0\0\0P\237\2\0\0\0\0\0"..., 832) = 832
pread64(3, "\6\0\0\0\4\0\0\0@\0\0\0\0\0\0\0@\0\0\0\0\0\0\0@\0\0\0\0\0\0\0"..., 784, 64) = 784
pread64(3, "\4\0\0\0 \0\0\0\5\0\0\0GNU\0\2\0\0\300\4\0\0\0\3\0\0\0\0\0\0\0"..., 48, 848) = 48
pread64(3, "\4\0\0\0\24\0\0\0\3\0\0\0GNU\0i8\235HZ\227\223\333\350s\360\352,\223\340."..., 68, 896) = 68
newfstatat(3, "", {st_mode=S_IFREG|0644, st_size=2216304, ...}, AT_EMPTY_PATH) = 0
pread64(3, "\6\0\0\0\4\0\0\0@\0\0\0\0\0\0\0@\0\0\0\0\0\0\0@\0\0\0\0\0\0\0"..., 784, 64) = 784
mmap(NULL, 2260560, PROT_READ, MAP_PRIVATE|MAP_DENYWRITE, 3, 0) = 0x7fa80ab8a000
mmap(0x7fa80abb2000, 1658880, PROT_READ|PROT_EXEC, MAP_PRIVATE|MAP_FIXED|MAP_DENYWRITE, 3, 0x28000) = 0x7fa80abb2000
mmap(0x7fa80ad47000, 360448, PROT_READ, MAP_PRIVATE|MAP_FIXED|MAP_DENYWRITE, 3, 0x1bd000) = 0x7fa80ad47000
mmap(0x7fa80ad9f000, 24576, PROT_READ|PROT_WRITE, MAP_PRIVATE|MAP_FIXED|MAP_DENYWRITE, 3, 0x214000) = 0x7fa80ad9f000
mmap(0x7fa80ada5000, 52816, PROT_READ|PROT_WRITE, MAP_PRIVATE|MAP_FIXED|MAP_ANONYMOUS, -1, 0) = 0x7fa80ada5000
close(3)                                = 0
mmap(NULL, 12288, PROT_READ|PROT_WRITE, MAP_PRIVATE|MAP_ANONYMOUS, -1, 0) = 0x7fa80ab87000
arch_prctl(ARCH_SET_FS, 0x7fa80ab87740) = 0
set_tid_address(0x7fa80ab87a10)         = 89117
set_robust_list(0x7fa80ab87a20, 24)     = 0
rseq(0x7fa80ab880e0, 0x20, 0, 0x53053053) = 0
mprotect(0x7fa80ad9f000, 16384, PROT_READ) = 0
mprotect(0x55d2a08c9000, 4096, PROT_READ) = 0
mprotect(0x7fa80adf8000, 8192, PROT_READ) = 0
prlimit64(0, RLIMIT_STACK, NULL, {rlim_cur=8192*1024, rlim_max=RLIM64_INFINITY}) = 0
munmap(0x7fa80adb2000, 45099)           = 0
newfstatat(1, "", {st_mode=S_IFCHR|0620, st_rdev=makedev(0x88, 0), ...}, AT_EMPTY_PATH) = 0
getrandom("\xe7\x24\xf4\x34\x88\xd2\xc9\xf1", 8, GRND_NONBLOCK) = 8
brk(NULL)                               = 0x55d2a1273000
brk(0x55d2a1294000)                     = 0x55d2a1294000
write(1, "\n", 1)                       = 1
write(1, "Choose a program to run:\n", 25) = 25
write(1, "\n", 1)                       = 1
write(1, "1. /usr/bin/ls\n", 15)        = 15
write(1, "2. /usr/bin/whoami\n", 19)    = 19
write(1, "3. /usr/bin/top\n", 16)       = 16
write(1, "4. QUIT\n", 8)                = 8
write(1, "\n", 1)                       = 1
newfstatat(0, "", {st_mode=S_IFCHR|0620, st_rdev=makedev(0x88, 0), ...}, AT_EMPTY_PATH) = 0
write(1, "Your choice? ", 13)           = 13
read(0, "1\n", 1024)                    = 2
write(1, "Running /usr/bin/ls\n", 20)   = 20
clone(child_stack=NULL, flags=CLONE_CHILD_CLEARTID|CLONE_CHILD_SETTID|SIGCHLD, child_tidptr=0x7fa80ab87a10) = 89156
wait4(-1, [{WIFEXITED(s) && WEXITSTATUS(s) == 0}], 0, NULL) = 89156
--- SIGCHLD {si_signo=SIGCHLD, si_code=CLD_EXITED, si_pid=89156, si_uid=1000, si_status=0, si_utime=0, si_stime=0} ---
write(1, "\nChoose a program to run:\n", 26) = 26
write(1, "\n", 1)                       = 1
write(1, "1. /usr/bin/ls\n", 15)        = 15
write(1, "2. /usr/bin/whoami\n", 19)    = 19
write(1, "3. /usr/bin/top\n", 16)       = 16
write(1, "4. QUIT\n", 8)                = 8
write(1, "\n", 1)                       = 1
write(1, "Your choice? ", 13)           = 13
read(0, "4\n", 1024)                    = 2
exit_group(0)                           = ?
+++ exited with 0 +++
